#
# A fatal error has been detected by the Java Runtime Environment:
#
#  EXCEPTION_ACCESS_VIOLATION (0xc0000005) at pc=0x00007ffbf7ff90b0, pid=14364, tid=8992
#
# JRE version: OpenJDK Runtime Environment Microsoft-13877171 (21.0.11+10) (build 21.0.11+10-LTS)
# Java VM: OpenJDK 64-Bit Server VM Microsoft-13877171 (21.0.11+10-LTS, mixed mode, sharing, tiered, compressed oops, compressed class ptrs, g1 gc, windows-amd64)
# Problematic frame:
# C  [ntdll.dll+0x290b0]
#
# No core dump will be written. Minidumps are not enabled by default on client versions of Windows
#
# If you would like to submit a bug report, please visit:
#   https://github.com/microsoft/openjdk/issues
# The crash happened outside the Java Virtual Machine in native code.
# See problematic frame for where to report the bug.
#

---------------  S U M M A R Y ------------

Command Line: -Xms256m -Xmx2g C:\Users\ÇëîéÍĺăđ\IdeaProjects\passenger-counter\build\libs\passenger-counter-0.1.0.jar

Host: Intel(R) Core(TM) i3-N305, 8 cores, 15G,  Windows 10 , 64 bit Build 19041 (10.0.19041.5915)
Time: Thu Jul  2 10:24:48 2026 elapsed time: 526.104023 seconds (0d 0h 8m 46s)

---------------  T H R E A D  ---------------

Current thread (0x000002a845698000):  JavaThread "analysis-1"        [_thread_in_native, id=8992, stack(0x000000bb15d00000,0x000000bb15e00000) (1024K)]

Stack: [0x000000bb15d00000,0x000000bb15e00000],  sp=0x000000bb15dfaa60,  free space=1002k
Native frames: (J=compiled Java code, j=interpreted, Vv=VM code, C=native code)
C  [ntdll.dll+0x290b0]  (no source info available)
C  [onnxruntime.dll+0x6ed9a2]  (no source info available)

Java frames: (J=compiled Java code, j=interpreted, Vv=VM code)
J 10129  ai.onnxruntime.OrtSession.run(JJJ[Ljava/lang/String;[JJ[Ljava/lang/String;J[Lai/onnxruntime/OnnxValue;[JJ)[Z (0 bytes) @ 0x000002a8668d6eb4 [0x000002a8668d6dc0+0x00000000000000f4]
J 10653 c1 ai.onnxruntime.OrtSession.run(Ljava/util/Map;Ljava/util/Set;Ljava/util/Map;Lai/onnxruntime/OrtSession$RunOptions;)Lai/onnxruntime/OrtSession$Result; (751 bytes) @ 0x000002a85fbdb444 [0x000002a85fbd8720+0x0000000000002d24]
J 10701 c1 ai.onnxruntime.OrtSession.run(Ljava/util/Map;Ljava/util/Set;)Lai/onnxruntime/OrtSession$Result; (11 bytes) @ 0x000002a85fbfe38c [0x000002a85fbfe2c0+0x00000000000000cc]
J 10815 c1 ai.onnxruntime.OrtSession.run(Ljava/util/Map;)Lai/onnxruntime/OrtSession$Result; (10 bytes) @ 0x000002a85fc55b44 [0x000002a85fc55ac0+0x0000000000000084]
j  ru.rtds.pc.service.ReidService.extractBatch(Ljava/awt/image/BufferedImage;Ljava/util/List;)Ljava/util/List;+890
J 10206 c1 ru.rtds.pc.service.PersonTracker.updateState(Ljava/lang/String;Lru/rtds/pc/service/PersonTracker$TrackerState;Ljava/util/List;Ljava/awt/image/BufferedImage;Lru/rtds/pc/service/CountingZones;)Ljava/util/List; (2028 bytes) @ 0x000002a85faaec24 [0x000002a85fa9ec20+0x0000000000010004]
J 10663 c1 ru.rtds.pc.service.PersonTracker.update(Ljava/lang/String;Ljava/util/List;Ljava/awt/image/BufferedImage;Lru/rtds/pc/service/CountingZones;)Ljava/util/List; (89 bytes) @ 0x000002a85fbe672c [0x000002a85fbe58c0+0x0000000000000e6c]
J 10397 c1 ru.rtds.pc.service.AnalysisService$runInternal$ok$1.invoke(ILjava/awt/image/BufferedImage;II)Ljava/lang/Boolean; (897 bytes) @ 0x000002a85fb1007c [0x000002a85fb0f820+0x000000000000085c]
J 10593 c1 ru.rtds.pc.service.AnalysisService$runInternal$ok$1.invoke(Ljava/lang/Object;Ljava/lang/Object;Ljava/lang/Object;Ljava/lang/Object;)Ljava/lang/Object; (31 bytes) @ 0x000002a85fb9e32c [0x000002a85fb9dca0+0x000000000000068c]
j  ru.rtds.pc.service.VideoFrameReader.process(Ljava/lang/String;ILkotlin/jvm/functions/Function4;)Z+380
j  ru.rtds.pc.service.AnalysisService.runInternal(Lru/rtds/pc/model/AnalysisSession;)V+271
j  ru.rtds.pc.service.AnalysisService.startAsync(Lru/rtds/pc/model/AnalysisSession;)V+9
j  java.lang.invoke.DirectMethodHandle$Holder.invokeVirtual(Ljava/lang/Object;Ljava/lang/Object;Ljava/lang/Object;)V+11 java.base@21.0.11
j  java.lang.invoke.LambdaForm$MH+0x000002a801220800.invoke(Ljava/lang/Object;Ljava/lang/Object;Ljava/lang/Object;)Ljava/lang/Object;+52 java.base@21.0.11
J 5244 c1 jdk.internal.reflect.DirectMethodHandleAccessor.invoke(Ljava/lang/Object;[Ljava/lang/Object;)Ljava/lang/Object; java.base@21.0.11 (92 bytes) @ 0x000002a85e8631fc [0x000002a85e861ec0+0x000000000000133c]
J 5711 c1 java.lang.reflect.Method.invoke(Ljava/lang/Object;[Ljava/lang/Object;)Ljava/lang/Object; java.base@21.0.11 (108 bytes) @ 0x000002a85e972b54 [0x000002a85e972640+0x0000000000000514]
j  org.springframework.aop.support.AopUtils.invokeJoinpointUsingReflection(Ljava/lang/Object;Ljava/lang/reflect/Method;[Ljava/lang/Object;)Ljava/lang/Object;+23
j  org.springframework.aop.framework.ReflectiveMethodInvocation.invokeJoinpoint()Ljava/lang/Object;+12
j  org.springframework.aop.framework.ReflectiveMethodInvocation.proceed()Ljava/lang/Object;+19
j  org.springframework.aop.framework.CglibAopProxy$CglibMethodInvocation.proceed()Ljava/lang/Object;+1
j  org.springframework.aop.interceptor.AsyncExecutionInterceptor.lambda$invoke$0(Lorg/aopalliance/intercept/MethodInvocation;Ljava/lang/reflect/Method;)Ljava/lang/Object;+1
j  org.springframework.aop.interceptor.AsyncExecutionInterceptor$$Lambda+0x000002a801c26430.call()Ljava/lang/Object;+12
j  java.util.concurrent.FutureTask.run()V+39 java.base@21.0.11
j  java.util.concurrent.ThreadPoolExecutor.runWorker(Ljava/util/concurrent/ThreadPoolExecutor$Worker;)V+92 java.base@21.0.11
j  java.util.concurrent.ThreadPoolExecutor$Worker.run()V+5 java.base@21.0.11
j  java.lang.Thread.runWith(Ljava/lang/Object;Ljava/lang/Runnable;)V+5 java.base@21.0.11
j  java.lang.Thread.run()V+19 java.base@21.0.11
v  ~StubRoutines::call_stub 0x000002a865cb100d

siginfo: EXCEPTION_ACCESS_VIOLATION (0xc0000005), writing address 0x000002a8464b8440


Registers:
RAX=0x0000a12080b89adb, RBX=0x0000000000000001, RCX=0x000002a8464b8440, RDX=0x0000000000000001
RSP=0x000000bb15dfaa60, RBP=0x0000000000000000, RSI=0x000002a8464b8440, RDI=0x000002a844ed0660
R8 =0x0000000000000011, R9 =0x000000bb15dfb180, R10=0x0000000000000001, R11=0x000000bb15dfac38
R12=0x0000000000000000, R13=0x0000000000000001, R14=0x0000000000000011, R15=0x000002a84425e1c0
RIP=0x00007ffbf7ff90b0, EFLAGS=0x0000000000010246

XMM[0]=0x3e787e0000000000 0x000000003c7363c4
XMM[1]=0x0000000000000000 0x000000bb15dfb430
XMM[2]=0x0000000000000020 0x0000000000000040
XMM[3]=0x3ea3350e3e828af1 0x3e04156700000000
XMM[4]=0x3e7490ca3c17fed8 0x000000003cea5b0e
XMM[5]=0x3b3a25dbbc70348f 0xb988f8053c09e0b5
XMM[6]=0x0000000000000000 0x00000000bfc3461e
XMM[7]=0x0000000000000000 0x00000000bf990226
XMM[8]=0x0000000000000000 0x00000000bfe77095
XMM[9]=0x0000000000000000 0x00000000bf4f9c69
XMM[10]=0x0000000000000000 0x00000000bf9aeada
XMM[11]=0x0000000000000000 0x00000000bf9d1bff
XMM[12]=0x0000000000000000 0x00000000bf2bea7d
XMM[13]=0x0000000000000000 0x00000000bfec052d
XMM[14]=0x0000000000000000 0x00000000bf1a1187
XMM[15]=0x0000000000000000 0x00000000bfbc94c2
  MXCSR=0x00001fb2


Register to memory mapping:

RAX=0x0000a12080b89adb is an unknown value
RBX=0x0000000000000001 is an unknown value
RCX=0x000002a8464b8440 is an unknown value
RDX=0x0000000000000001 is an unknown value
RSP=0x000000bb15dfaa60 is pointing into the stack for thread: 0x000002a845698000
RBP=0x0 is null
RSI=0x000002a8464b8440 is an unknown value
RDI=0x000002a844ed0660 points into unknown readable memory: 0x00007ffb4c4ba658 | 58 a6 4b 4c fb 7f 00 00
R8 =0x0000000000000011 is an unknown value
R9 =0x000000bb15dfb180 is pointing into the stack for thread: 0x000002a845698000
R10=0x0000000000000001 is an unknown value
R11=0x000000bb15dfac38 is pointing into the stack for thread: 0x000002a845698000
R12=0x0 is null
R13=0x0000000000000001 is an unknown value
R14=0x0000000000000011 is an unknown value
R15=0x000002a84425e1c0 points into unknown readable memory: 0x0000000000000000 | 00 00 00 00 00 00 00 00

Top of Stack: (sp=0x000000bb15dfaa60)
0x000000bb15dfaa60:   0000000000000008 000000bb15dfad40   ........@.......
0x000000bb15dfaa70:   000000bb15dfb570 00007ffb4c2992c6   p.........)L....
0x000000bb15dfaa80:   000000bb00000000 0000000000000002   ................
0x000000bb15dfaa90:   0000000000000400 0000000000000400   ................
0x000000bb15dfaaa0:   0000000000000008 0000000000000010   ................
0x000000bb15dfaab0:   0000000000000001 0000000000000000   ................
0x000000bb15dfaac0:   000002a8464b8440 00007ffb4c2ed9a2   @.KF.......L....
0x000000bb15dfaad0:   0000000000000000 0000000000000040   ........@.......
0x000000bb15dfaae0:   0000000000000020 0000000000000800    ...............
0x000000bb15dfaaf0:   0000000000000003 0000000000000003   ................
0x000000bb15dfab00:   0000000000000009 0000000000000001   ................
0x000000bb15dfab10:   0000000000000001 0000000000000001   ................
0x000000bb15dfab20:   0000000000000001 0000000000000001   ................
0x000000bb15dfab30:   0000000000000001 0000000000000001   ................
0x000000bb15dfab40:   000000000000003e 0000000000000001   >...............
0x000000bb15dfab50:   000000000000001e 0000000000000001   ................
0x000000bb15dfab60:   000000bb15dfb570 0000000000000010   p...............
0x000000bb15dfab70:   000002a841551820 0000000100000001    .UA............
0x000000bb15dfab80:   000002a888887080 000002a844c63180   .p.......1.D....
0x000000bb15dfab90:   000002a844c20a80 0000a12080b89adb   ...D........ ...
0x000000bb15dfaba0:   000002a84425e1c0 000000bb15dfb430   ..%D....0.......
0x000000bb15dfabb0:   0000000000000008 000002a844ed0660   ........`..D....
0x000000bb15dfabc0:   000000bb15dfade8 00007ffb4c2ed60c   ...........L....
0x000000bb15dfabd0:   0000000000000007 0000a12080b89bbb   ............ ...
0x000000bb15dfabe0:   0000000000000000 00007ffb4c2f04f4   ........../L....
0x000000bb15dfabf0:   000000bb15dfac00 000002a84425e1c0   ..........%D....
0x000000bb15dfac00:   0000a12080b89bdb 000000bb15dfaf38   .... ...8.......
0x000000bb15dfac10:   000002a84425e1c0 000000bb15dfb430   ..%D....0.......
0x000000bb15dfac20:   0000a12080b89bfb 000002a844ed0660   .... ...`..D....
0x000000bb15dfac30:   000000bb15dfaf38 00007ffb4c2ec50b   8..........L....
0x000000bb15dfac40:   a19b9567300b0001 0000000000000001   ...0g...........
0x000000bb15dfac50:   000000bb15dfaf38 000000bb15dfad40   8.......@.......

Instructions: (pc=0x00007ffbf7ff90b0)
0x00007ffbf7ff8fb0:   00 00 00 00 e8 07 b7 07 00 e9 7b ff ff ff 8b d6
0x00007ffbf7ff8fc0:   e9 90 fe ff ff 41 8b f5 83 e6 01 75 13 49 8b 4c
0x00007ffbf7ff8fd0:   24 08 e8 99 9c fe ff 49 c7 44 24 08 00 00 00 00
0x00007ffbf7ff8fe0:   48 8b 84 24 98 00 00 00 45 8b c5 8b 94 24 80 00
0x00007ffbf7ff8ff0:   00 00 48 8b cd c7 00 00 00 00 00 e8 68 92 04 00
0x00007ffbf7ff9000:   48 8b d8 48 85 c0 0f 84 ce 99 08 00 48 8b 84 24
0x00007ffbf7ff9010:   98 00 00 00 c7 00 01 00 00 00 85 f6 75 1e 49 c7
0x00007ffbf7ff9020:   04 24 00 00 00 00 48 8b cd 49 c7 44 24 10 00 00
0x00007ffbf7ff9030:   00 00 49 89 6c 24 08 e8 64 00 00 00 48 8d 4d 20
0x00007ffbf7ff9040:   48 8b 51 08 4c 8d 41 08 48 33 d1 48 8b 02 48 33
0x00007ffbf7ff9050:   c2 48 3b c1 0f 85 79 99 08 00 48 33 cb 48 8b c2
0x00007ffbf7ff9060:   48 33 c3 48 89 0b 48 89 43 08 48 89 02 49 89 08
0x00007ffbf7ff9070:   f6 85 b0 00 00 00 01 0f 85 1d 99 08 00 4c 8d 43
0x00007ffbf7ff9080:   30 48 8b d3 48 8b cd e8 4c d2 03 00 33 f6 e9 c4
0x00007ffbf7ff9090:   fc ff ff cc cc cc cc cc cc cc cc cc cc cc cc cc
0x00007ffbf7ff90a0:   40 55 56 48 83 ec 58 33 ed 48 8b f1 89 6c 24 70
0x00007ffbf7ff90b0:   f0 48 0f ba 29 00 72 08 48 83 c4 58 5e 5d c3 cc
0x00007ffbf7ff90c0:   48 89 9c 24 80 00 00 00 48 89 bc 24 88 00 00 00
0x00007ffbf7ff90d0:   48 8b 39 4c 89 74 24 50 41 be 03 00 00 00 40 f6
0x00007ffbf7ff90e0:   c7 01 0f 84 db 00 00 00 e8 c3 bc 03 00 84 c0 0f
0x00007ffbf7ff90f0:   85 67 01 00 00 65 48 8b 04 25 30 00 00 00 48 8b
0x00007ffbf7ff9100:   48 48 48 89 4c 24 38 32 c9 44 89 74 24 44 48 89
0x00007ffbf7ff9110:   6c 24 30 40 f6 c7 02 0f 85 f6 00 00 00 48 8d 44
0x00007ffbf7ff9120:   24 20 ba 0b 00 00 00 48 89 44 24 28 48 8d 5c 24
0x00007ffbf7ff9130:   20 48 8b c7 48 c1 e8 04 83 f8 01 89 44 24 40 49
0x00007ffbf7ff9140:   0f 4e d6 48 0b d3 85 c0 75 08 c7 44 24 40 fe ff
0x00007ffbf7ff9150:   ff ff 48 8b c7 f0 48 0f b1 16 48 8b f8 74 15 48
0x00007ffbf7ff9160:   8d 4c 24 70 e8 4f 51 03 00 0f 0d 0e 48 8b 3e e9
0x00007ffbf7ff9170:   6a ff ff ff 84 c9 0f 85 d3 00 00 00 66 83 3c 25
0x00007ffbf7ff9180:   6a 03 fe 7f 01 8b 1d 35 1e 14 00 76 5e 40 38 2c
0x00007ffbf7ff9190:   25 97 02 fe 7f 0f 85 99 e8 07 00 0f b7 0c 25 d6
0x00007ffbf7ff91a0:   02 fe 7f 33 d2 8b c3 f7 f1 8b d5 0f 1f 44 00 00


Stack slot to memory mapping:

stack at sp + 0 slots: 0x0000000000000008 is an unknown value
stack at sp + 1 slots: 0x000000bb15dfad40 is pointing into the stack for thread: 0x000002a845698000
stack at sp + 2 slots: 0x000000bb15dfb570 is pointing into the stack for thread: 0x000002a845698000
stack at sp + 3 slots: 0x00007ffb4c2992c6 onnxruntime.dll
stack at sp + 4 slots: 0x000000bb00000000 is an unknown value
stack at sp + 5 slots: 0x0000000000000002 is an unknown value
stack at sp + 6 slots: 0x0000000000000400 is an unknown value
stack at sp + 7 slots: 0x0000000000000400 is an unknown value


Compiled method (n/a) 526349 10129     n 0       ai.onnxruntime.OrtSession::run (native)
 total in heap  [0x000002a8668d6c10,0x000002a8668d71d0] = 1472
 relocation     [0x000002a8668d6d70,0x000002a8668d6da8] = 56
 main code      [0x000002a8668d6dc0,0x000002a8668d71c4] = 1028
 stub code      [0x000002a8668d71c4,0x000002a8668d71c8] = 4
 oops           [0x000002a8668d71c8,0x000002a8668d71d0] = 8

[Constant Pool (empty)]

[MachCode]
[Entry Point]
  # {method} {0x000002a87684b320} 'run' '(JJJ[Ljava/lang/String;[JJ[Ljava/lang/String;J[Lai/onnxruntime/OnnxValue;[JJ)[Z' in 'ai/onnxruntime/OrtSession'
  # this:     rdx:rdx   = 'ai/onnxruntime/OrtSession'
  # parm0:    r8:r8     = long
  # parm1:    r9:r9     = long
  # parm2:    rdi:rdi   = long
  # parm3:    rsi:rsi   = '[Ljava/lang/String;'
  # parm4:    rcx:rcx   = '[J'
  # parm5:    [sp+0xb0]   = long  (sp of caller)
  # parm6:    [sp+0xb8]   = '[Ljava/lang/String;'
  # parm7:    [sp+0xc0]   = long
  # parm8:    [sp+0xc8]   = '[Lai/onnxruntime/OnnxValue;'
  # parm9:    [sp+0xd0]   = '[J'
  # parm10:   [sp+0xd8]   = long
  0x000002a8668d6dc0: 448b 5208 | 49bb 0000 | 0000 a802 | 0000 4d03 | d349 3bc2 | 0f84 0600 

  0x000002a8668d6dd8: ;   {runtime_call ic_miss_stub}
  0x000002a8668d6dd8: 0000 e9a1 | 7942 ff90 
[Verified Entry Point]
  0x000002a8668d6de0: 8984 2400 | 80ff ff55 | 488b ec48 | 81ec a000 | 0000 6690 | 4181 7f20 | bb00 0000 

  0x000002a8668d6dfc: ;   {runtime_call StubRoutines (final stubs)}
  0x000002a8668d6dfc: 7405 e89d | f640 ff48 | 8b45 3848 | 8944 2460 | 4883 7d30 | 0048 8d45 | 3048 0f44 | 4530 4889 
  0x000002a8668d6e1c: 4424 5848 | 837d 2800 | 488d 4528 | 480f 4445 | 2848 8944 | 2450 488b | 4520 4889 | 4424 4848 
  0x000002a8668d6e3c: 837d 1800 | 488d 4518 | 480f 4445 | 1848 8944 | 2440 488b | 4510 4889 | 4424 3848 | 898c 2490 
  0x000002a8668d6e5c: 0000 0048 | 83f9 0048 | 8d84 2490 | 0000 0048 | 0f44 8424 | 9000 0000 | 4889 4424 | 3048 89b4 
  0x000002a8668d6e7c: 2488 0000 | 0048 83fe | 0048 8d84 | 2488 0000 | 0048 0f44 | 8424 8800 | 0000 4889 | 4424 2848 
  0x000002a8668d6e9c: 897c 2420 | 4889 5424 | 6848 83fa | 0048 8d54 | 2468 480f | 4454 2468 

  0x000002a8668d6eb4: ;   {internal_word}
  0x000002a8668d6eb4: c5f8 7749 | bab4 6e8d | 66a8 0200 | 004d 8997 | a803 0000 | 4989 a7a0 

  0x000002a8668d6ecc: ;   {external_word}
  0x000002a8668d6ecc: 0300 0049 | ba28 2e31 | 4dfb 7f00 | 0041 803a | 000f 844e | 0000 0052 | 4150 4151 

  0x000002a8668d6ee8: ;   {metadata({method} {0x000002a87684b320} 'run' '(JJJ[Ljava/lang/String;[JJ[Ljava/lang/String;J[Lai/onnxruntime/OnnxValue;[JJ)[Z' in 'ai/onnxruntime/OrtSession')}
  0x000002a8668d6ee8: 48ba 18b3 | 8476 a802 | 0000 498b | cf48 83ec | 2040 f6c4 | 0f0f 8419 | 0000 0048 

  0x000002a8668d6f04: ;   {runtime_call}
  0x000002a8668d6f04: 83ec 0848 | b830 a5da | 4cfb 7f00 | 00ff d048 | 83c4 08e9 | 0c00 0000 

  0x000002a8668d6f1c: ;   {runtime_call}
  0x000002a8668d6f1c: 48b8 30a5 | da4c fb7f | 0000 ffd0 | 4883 c420 | 4159 4158 | 5a49 8d8f | c003 0000 | 41c7 874c 
  0x000002a8668d6f3c: 0400 0004 

  0x000002a8668d6f40: ;   {runtime_call}
  0x000002a8668d6f40: 0000 0048 | b8c0 6e08 | d5fb 7f00 | 00ff d0c5 | f877 41c7 | 874c 0400 | 0005 0000 | 00f0 8344 
  0x000002a8668d6f60: 24c0 0049 | 3baf 5004 | 0000 0f87 | 0e00 0000 | 4183 bf48 | 0400 0000 | 0f84 2b00 | 0000 c5f8 
  0x000002a8668d6f80: 7748 8945 | f849 8bcf | 4c8b e448 | 83ec 2048 

  0x000002a8668d6f90: ;   {runtime_call}
  0x000002a8668d6f90: 83e4 f048 | b860 efa5 | 4cfb 7f00 | 00ff d049 | 8be4 4d33 | e448 8b45 | f841 c787 | 4c04 0000 
  0x000002a8668d6fb0: 0800 0000 | 4183 bfc8 | 0400 0002 | 0f84 d501 

  0x000002a8668d6fc0: ;   {external_word}
  0x000002a8668d6fc0: 0000 49ba | 282e 314d | fb7f 0000 | 4180 3a00 | 0f84 4c00 | 0000 4889 

  0x000002a8668d6fd8: ;   {metadata({method} {0x000002a87684b320} 'run' '(JJJ[Ljava/lang/String;[JJ[Ljava/lang/String;J[Lai/onnxruntime/OnnxValue;[JJ)[Z' in 'ai/onnxruntime/OrtSession')}
  0x000002a8668d6fd8: 45f8 48ba | 18b3 8476 | a802 0000 | 498b cf48 | 83ec 2040 | f6c4 0f0f | 8419 0000 | 0048 83ec 
  0x000002a8668d6ff8: ;   {runtime_call}
  0x000002a8668d6ff8: 0848 b830 | a5da 4cfb | 7f00 00ff | d048 83c4 | 08e9 0c00 

  0x000002a8668d700c: ;   {runtime_call}
  0x000002a8668d700c: 0000 48b8 | 30a5 da4c | fb7f 0000 | ffd0 4883 | c420 488b | 45f8 49c7 | 87a0 0300 | 0000 0000 
  0x000002a8668d702c: 0049 c787 | a803 0000 | 0000 0000 | c5f8 7748 | 85c0 0f84 | 3001 0000 | a803 0f85 | 0800 0000 
  0x000002a8668d704c: 488b 00e9 | 2001 0000 | a801 0f85 | 0900 0000 | 488b 40fe | e90f 0100 | 0048 8b40 | ff41 807f 
  0x000002a8668d706c: 4000 0f84 | 0001 0000 | 4883 f800 | 0f84 f600 | 0000 498b | 4f28 4883 | f900 0f84 | 1400 0000 
  0x000002a8668d708c: 4883 e908 | 4989 4f28 | 4903 4f38 | 4889 01e9 | d400 0000 | 4883 ec70 | 4889 0424 | 4889 4c24 
  0x000002a8668d70ac: 0848 8954 | 2410 4c89 | 4424 184c | 894c 2420 | 4c89 5424 | 284c 895c | 2430 c5fb | 1144 2440 
  0x000002a8668d70cc: c5fb 114c | 2448 c5fb | 1154 2450 | c5fb 115c | 2458 c5fb | 1164 2460 | c5fb 116c | 2468 498b 
  0x000002a8668d70ec: d748 8bc8 | 4883 ec20 | 40f6 c40f | 0f84 1900 | 0000 4883 

  0x000002a8668d7100: ;   {runtime_call}
  0x000002a8668d7100: ec08 48b8 | 7026 994c | fb7f 0000 | ffd0 4883 | c408 e90c 

  0x000002a8668d7114: ;   {runtime_call}
  0x000002a8668d7114: 0000 0048 | b870 2699 | 4cfb 7f00 | 00ff d048 | 83c4 20c5 | fb10 6c24 | 68c5 fb10 | 6424 60c5 
  0x000002a8668d7134: fb10 5c24 | 58c5 fb10 | 5424 50c5 | fb10 4c24 | 48c5 fb10 | 4424 404c | 8b5c 2430 | 4c8b 5424 
  0x000002a8668d7154: 284c 8b4c | 2420 4c8b | 4424 1848 | 8b54 2410 | 488b 4c24 | 0848 8b04 | 2448 83c4 | 70c5 f877 
  0x000002a8668d7174: 498b 8f30 | 0400 00c7 | 8100 0100 | 0000 0000 | 00c9 4983 | 7f08 000f | 8501 0000 

  0x000002a8668d7190: ;   {runtime_call StubRoutines (initial stubs)}
  0x000002a8668d7190: 00c3 e969 | 9d3d ffc5 | f877 4889 | 45f8 4c8b | e448 83ec | 2048 83e4 

  0x000002a8668d71a8: ;   {runtime_call}
  0x000002a8668d71a8: f048 b860 | dcda 4cfb | 7f00 00ff | d049 8be4 | 4d33 e448 | 8b45 f8e9 | fefd ffff 
[Stub Code]
  0x000002a8668d71c4: f4f4 f4f4 
[/MachCode]


Compiled method (c1) 526377 10653       3       ai.onnxruntime.OrtSession::run (751 bytes)
 total in heap  [0x000002a85fbd7d10,0x000002a85fbe0388] = 34424
 relocation     [0x000002a85fbd7e70,0x000002a85fbd8718] = 2216
 main code      [0x000002a85fbd8720,0x000002a85fbde158] = 23096
 stub code      [0x000002a85fbde158,0x000002a85fbde608] = 1200
 oops           [0x000002a85fbde608,0x000002a85fbde650] = 72
 metadata       [0x000002a85fbde650,0x000002a85fbde6a0] = 80
 scopes data    [0x000002a85fbde6a0,0x000002a85fbdf4f8] = 3672
 scopes pcs     [0x000002a85fbdf4f8,0x000002a85fbe0298] = 3488
 dependencies   [0x000002a85fbe0298,0x000002a85fbe02a0] = 8
 nul chk table  [0x000002a85fbe02a0,0x000002a85fbe0388] = 232

[Constant Pool (empty)]

[MachCode]
[Entry Point]
  # {method} {0x000002a87684a678} 'run' '(Ljava/util/Map;Ljava/util/Set;Ljava/util/Map;Lai/onnxruntime/OrtSession$RunOptions;)Lai/onnxruntime/OrtSession$Result;' in 'ai/onnxruntime/OrtSession'
  # this:     rdx:rdx   = 'ai/onnxruntime/OrtSession'
  # parm0:    r8:r8     = 'java/util/Map'
  # parm1:    r9:r9     = 'java/util/Set'
  # parm2:    rdi:rdi   = 'java/util/Map'
  # parm3:    rsi:rsi   = 'ai/onnxruntime/OrtSession$RunOptions'
  #           [sp+0x250]  (sp of caller)
  0x000002a85fbd8720: 448b 5208 | 49bb 0000 | 0000 a802 | 0000 4d03 | d34c 3bd0 

  0x000002a85fbd8734: ;   {runtime_call ic_miss_stub}
  0x000002a85fbd8734: 0f85 4660 | 1206 660f | 1f44 0000 
[Verified Entry Point]
  0x000002a85fbd8740: 8984 2400 | 80ff ff55 | 4881 ec40 | 0200 0090 | 4181 7f20 | bb00 0000 

  0x000002a85fbd8758: ;   {runtime_call StubRoutines (final stubs)}
  0x000002a85fbd8758: 7405 e841 | dd10 0648 | 8994 24d8 | 0000 004c | 8984 24e0 | 0000 004c | 898c 24e8 | 0000 0048 
  0x000002a85fbd8778: 89bc 24f0 

  0x000002a85fbd877c: ;   {metadata(method data for {method} {0x000002a87684a678} 'run' '(Ljava/util/Map;Ljava/util/Set;Ljava/util/Map;Lai/onnxruntime/OrtSession$RunOptions;)Lai/onnxruntime/OrtSession$Result;' in 'ai/onnxruntime/OrtSession')}
  0x000002a85fbd877c: 0000 0048 | bb00 40f7 | 49a8 0200 | 008b 83cc | 0000 0083 | c002 8983 | cc00 0000 | 25fe 0700 
  0x000002a85fbd879c: 0085 c00f | 8404 4f00 | 000f be5a 

  0x000002a85fbd87a8: ;   {metadata(method data for {method} {0x000002a87684a678} 'run' '(Ljava/util/Map;Ljava/util/Set;Ljava/util/Map;Lai/onnxruntime/OrtSession$RunOptions;)Lai/onnxruntime/OrtSession$Result;' in 'ai/onnxruntime/OrtSession')}
  0x000002a85fbd87a8: 0c85 db48 | bb00 40f7 | 49a8 0200 | 0048 c7c0 | 1001 0000 | 7507 48c7 | c020 0100 | 0048 8b0c 
  0x000002a85fbd87c8: 0348 8d49 | 0148 890c | 030f 852a | 4e00 0048 | 89b4 24f8 | 0000 0049 | 3b00 498b 

  0x000002a85fbd87e4: ;   {metadata(method data for {method} {0x000002a87684a678} 'run' '(Ljava/util/Map;Ljava/util/Set;Ljava/util/Map;Lai/onnxruntime/OrtSession$RunOptions;)Lai/onnxruntime/OrtSession$Result;' in 'ai/onnxruntime/OrtSession')}
  0x000002a85fbd87e4: d848 b800 | 40f7 49a8 | 0200 008b | 5b08 49ba | 0000 0000 | a802 0000 | 4903 da48 | 3b98 4001 
  0x000002a85fbd8804: 0000 750d | 4883 8048 | 0100 0001 | e960 0000 | 0048 3b98 | 5001 0000 | 750d 4883 | 8058 0100 
  0x000002a85fbd8824: 0001 e94a | 0000 0048 | 83b8 4001 | 0000 0075 | 1748 8998 | 4001 0000 | 48c7 8048 | 0100 0001 
  0x000002a85fbd8844: 0000 00e9 | 2900 0000 | 4883 b850 | 0100 0000 | 7517 4889 | 9850 0100 | 0048 c780 | 5801 0000 
  0x000002a85fbd8864: 0100 0000 | e908 0000 | 0048 8380 | 3001 0000 | 0149 8bd0 | 0f1f 4400 | 0048 b840 | fc1c 00a8 
  0x000002a85fbd8884: ;   {virtual_call}
  0x000002a85fbd8884: 0200 00e8 

  0x000002a85fbd8888: ; ImmutableOopMap {[216]=Oop [224]=Oop [232]=Oop [240]=Oop [248]=Oop }
                      ;*invokeinterface isEmpty {reexecute=0 rethrow=0 return_oop=0}
                      ; - ai.onnxruntime.OrtSession::run@8 (line 335)
  0x000002a85fbd8888: 943f c906 

  0x000002a85fbd888c: ;   {other}
  0x000002a85fbd888c: 0f1f 8400 | 7c0b 0000 

  0x000002a85fbd8894: ;   {metadata(method data for {method} {0x000002a87684a678} 'run' '(Ljava/util/Map;Ljava/util/Set;Ljava/util/Map;Lai/onnxruntime/OrtSession$RunOptions;)Lai/onnxruntime/OrtSession$Result;' in 'ai/onnxruntime/OrtSession')}
  0x000002a85fbd8894: 85c0 48ba | 0040 f749 | a802 0000 | 48c7 c668 | 0100 0074 | 0748 c7c6 | 7801 0000 | 488b 3c32 
  0x000002a85fbd88b4: 488d 7f01 | 4889 3c32 | 0f84 3c00 | 0000 488b | 9424 d800 | 0000 488b | 7218 4883 

  0x000002a85fbd88d0: ;   {metadata(method data for {method} {0x000002a87684a678} 'run' '(Ljava/util/Map;Ljava/util/Set;Ljava/util/Map;Lai/onnxruntime/OrtSession$RunOptions;)Lai/onnxruntime/OrtSession$Result;' in 'ai/onnxruntime/OrtSession')}
  0x000002a85fbd88d0: fe00 48be | 0040 f749 | a802 0000 | 48c7 c788 | 0100 0075 | 0748 c7c7 | 9801 0000 | 488b 1c3e 
  0x000002a85fbd88f0: 488d 5b01 | 4889 1c3e | 0f85 bb47 | 0000 4c8b | 8424 e000 

  0x000002a85fbd8904: ;   {metadata(method data for {method} {0x000002a87684a678} 'run' '(Ljava/util/Map;Ljava/util/Set;Ljava/util/Map;Lai/onnxruntime/OrtSession$RunOptions;)Lai/onnxruntime/OrtSession$Result;' in 'ai/onnxruntime/OrtSession')}
  0x000002a85fbd8904: 0000 48be | 0040 f749 | a802 0000 | 458b 4008 | 49ba 0000 | 0000 a802 | 0000 4d03 | c24c 3b86 
  0x000002a85fbd8924: b801 0000 | 750d 4883 | 86c0 0100 | 0001 e960 | 0000 004c | 3b86 c801 | 0000 750d | 4883 86d0 
  0x000002a85fbd8944: 0100 0001 | e94a 0000 | 0048 83be | b801 0000 | 0075 174c | 8986 b801 | 0000 48c7 | 86c0 0100 
  0x000002a85fbd8964: 0001 0000 | 00e9 2900 | 0000 4883 | bec8 0100 | 0000 7517 | 4c89 86c8 | 0100 0048 | c786 d001 
  0x000002a85fbd8984: 0000 0100 | 0000 e908 | 0000 0048 | 8386 a801 | 0000 0148 | 8b94 24e0 | 0000 0066 | 0f1f 4400 
  0x000002a85fbd89a4: 0048 b840 | fc1c 00a8 

  0x000002a85fbd89ac: ;   {virtual_call}
  0x000002a85fbd89ac: 0200 00e8 

  0x000002a85fbd89b0: ; ImmutableOopMap {[216]=Oop [224]=Oop [232]=Oop [240]=Oop [248]=Oop }
                      ;*invokeinterface size {reexecute=0 rethrow=0 return_oop=0}
                      ; - ai.onnxruntime.OrtSession::run@26 (line 335)
  0x000002a85fbd89b0: ecde cc06 

  0x000002a85fbd89b4: ;   {other}
  0x000002a85fbd89b4: 0f1f 8400 | a40c 0001 | 488b 9424 | d800 0000 | 488b 7218 | 4863 c048 

  0x000002a85fbd89cc: ;   {metadata(method data for {method} {0x000002a87684a678} 'run' '(Ljava/util/Map;Ljava/util/Set;Ljava/util/Map;Lai/onnxruntime/OrtSession$RunOptions;)Lai/onnxruntime/OrtSession$Result;' in 'ai/onnxruntime/OrtSession')}
  0x000002a85fbd89cc: 3bf0 48be | 0040 f749 | a802 0000 | 48c7 c7f0 | 0100 007c | 0748 c7c7 | e001 0000 | 488b 1c3e 
  0x000002a85fbd89ec: 488d 5b01 | 4889 1c3e | 0f8c bf46 | 0000 4c8b | 8c24 e800 | 0000 493b | 0149 8bf1 

  0x000002a85fbd8a08: ;   {metadata(method data for {method} {0x000002a87684a678} 'run' '(Ljava/util/Map;Ljava/util/Set;Ljava/util/Map;Lai/onnxruntime/OrtSession$RunOptions;)Lai/onnxruntime/OrtSession$Result;' in 'ai/onnxruntime/OrtSession')}
  0x000002a85fbd8a08: 48bb 0040 | f749 a802 | 0000 8b76 | 0849 ba00 | 0000 00a8 | 0200 0049 | 03f2 483b | b380 0300 
  0x000002a85fbd8a28: 0075 0d48 | 8383 8803 | 0000 01e9 | 6000 0000 | 483b b390 | 0300 0075 | 0d48 8383 | 9803 0000 
  0x000002a85fbd8a48: 01e9 4a00 | 0000 4883 | bb80 0300 | 0000 7517 | 4889 b380 | 0300 0048 | c783 8803 | 0000 0100 
  0x000002a85fbd8a68: 0000 e929 | 0000 0048 | 83bb 9003 | 0000 0075 | 1748 89b3 | 9003 0000 | 48c7 8398 | 0300 0001 
  0x000002a85fbd8a88: 0000 00e9 | 0800 0000 | 4883 8370 | 0300 0001 | 498b d166 | 9048 b808 | 4b0f 00a8 

  0x000002a85fbd8aa4: ;   {virtual_call}
  0x000002a85fbd8aa4: 0200 00e8 

  0x000002a85fbd8aa8: ; ImmutableOopMap {[216]=Oop [224]=Oop [232]=Oop [240]=Oop [248]=Oop }
                      ;*invokeinterface size {reexecute=0 rethrow=0 return_oop=0}
                      ; - ai.onnxruntime.OrtSession::run@85 (line 339)
  0x000002a85fbd8aa8: 74b5 d406 

  0x000002a85fbd8aac: ;   {other}
  0x000002a85fbd8aac: 0f1f 8400 | 9c0d 0002 | 488b bc24 | f000 0000 

  0x000002a85fbd8abc: ; implicit exception: dispatches to 0x000002a85fbdd6d4
  0x000002a85fbd8abc: 483b 0748 

  0x000002a85fbd8ac0: ;   {metadata(method data for {method} {0x000002a87684a678} 'run' '(Ljava/util/Map;Ljava/util/Set;Ljava/util/Map;Lai/onnxruntime/OrtSession$RunOptions;)Lai/onnxruntime/OrtSession$Result;' in 'ai/onnxruntime/OrtSession')}
  0x000002a85fbd8ac0: 8bd7 48be | 0040 f749 | a802 0000 | 8b52 0849 | ba00 0000 | 00a8 0200 | 0049 03d2 | 483b 96b8 
  0x000002a85fbd8ae0: 0300 0075 | 0d48 8386 | c003 0000 | 01e9 6000 | 0000 483b | 96c8 0300 | 0075 0d48 | 8386 d003 
  0x000002a85fbd8b00: 0000 01e9 | 4a00 0000 | 4883 beb8 | 0300 0000 | 7517 4889 | 96b8 0300 | 0048 c786 | c003 0000 
  0x000002a85fbd8b20: 0100 0000 | e929 0000 | 0048 83be | c803 0000 | 0075 1748 | 8996 c803 | 0000 48c7 | 86d0 0300 
  0x000002a85fbd8b40: 0001 0000 | 00e9 0800 | 0000 4883 | 86a8 0300 | 0001 488b | d789 8424 | 0001 0000 | 9048 b8f0 
  0x000002a85fbd8b60: 661d 00a8 

  0x000002a85fbd8b64: ;   {virtual_call}
  0x000002a85fbd8b64: 0200 00e8 

  0x000002a85fbd8b68: ; ImmutableOopMap {[216]=Oop [224]=Oop [232]=Oop [240]=Oop [248]=Oop }
                      ;*invokeinterface size {reexecute=0 rethrow=0 return_oop=0}
                      ; - ai.onnxruntime.OrtSession::run@91 (line 339)
  0x000002a85fbd8b68: 34e8 a006 

  0x000002a85fbd8b6c: ;   {other}
  0x000002a85fbd8b6c: 0f1f 8400 | 5c0e 0003 | 8b9c 2400 | 0100 0003 

  0x000002a85fbd8b7c: ;   {metadata(method data for {method} {0x000002a87684a678} 'run' '(Ljava/util/Map;Ljava/util/Set;Ljava/util/Map;Lai/onnxruntime/OrtSession$RunOptions;)Lai/onnxruntime/OrtSession$Result;' in 'ai/onnxruntime/OrtSession')}
  0x000002a85fbd8b7c: d885 db48 | ba00 40f7 | 49a8 0200 | 0048 c7c6 | e003 0000 | 7407 48c7 | c6f0 0300 | 0048 8b3c 
  0x000002a85fbd8b9c: 3248 8d7f | 0148 893c | 320f 8476 | 4000 0048 | 8b94 24d8 | 0000 0048 | 8b72 2048 | 63fb 483b 
  0x000002a85fbd8bbc: ;   {metadata(method data for {method} {0x000002a87684a678} 'run' '(Ljava/util/Map;Ljava/util/Set;Ljava/util/Map;Lai/onnxruntime/OrtSession$RunOptions;)Lai/onnxruntime/OrtSession$Result;' in 'ai/onnxruntime/OrtSession')}
  0x000002a85fbd8bbc: f748 be00 | 40f7 49a8 | 0200 0048 | c7c7 1004 | 0000 7c07 | 48c7 c700 | 0400 0048 | 8b04 3e48 
  0x000002a85fbd8bdc: 8d40 0148 | 8904 3e0f | 8c38 4000 | 004c 8b84 | 24e0 0000 

  0x000002a85fbd8bf0: ;   {metadata(method data for {method} {0x000002a87684a678} 'run' '(Ljava/util/Map;Ljava/util/Set;Ljava/util/Map;Lai/onnxruntime/OrtSession$RunOptions;)Lai/onnxruntime/OrtSession$Result;' in 'ai/onnxruntime/OrtSession')}
  0x000002a85fbd8bf0: 0048 be00 | 40f7 49a8 | 0200 0045 | 8b40 0849 | ba00 0000 | 00a8 0200 | 004d 03c2 | 4c3b 8668 
  0x000002a85fbd8c10: 0500 0075 | 0d48 8386 | 7005 0000 | 01e9 6000 | 0000 4c3b | 8678 0500 | 0075 0d48 | 8386 8005 
  0x000002a85fbd8c30: 0000 01e9 | 4a00 0000 | 4883 be68 | 0500 0000 | 7517 4c89 | 8668 0500 | 0048 c786 | 7005 0000 
  0x000002a85fbd8c50: 0100 0000 | e929 0000 | 0048 83be | 7805 0000 | 0075 174c | 8986 7805 | 0000 48c7 | 8680 0500 
  0x000002a85fbd8c70: 0001 0000 | 00e9 0800 | 0000 4883 | 8658 0500 | 0001 488b | 9424 e000 | 0000 6666 | 9048 b840 
  0x000002a85fbd8c90: fc1c 00a8 

  0x000002a85fbd8c94: ;   {virtual_call}
  0x000002a85fbd8c94: 0200 00e8 

  0x000002a85fbd8c98: ; ImmutableOopMap {[216]=Oop [224]=Oop [232]=Oop [240]=Oop [248]=Oop }
                      ;*invokeinterface size {reexecute=0 rethrow=0 return_oop=0}
                      ; - ai.onnxruntime.OrtSession::run@156 (line 347)
  0x000002a85fbd8c98: 04dc cc06 

  0x000002a85fbd8c9c: ;   {other}
  0x000002a85fbd8c9c: 0f1f 8400 | 8c0f 0004 

  0x000002a85fbd8ca4: ;   {metadata('java/lang/String'[])}
  0x000002a85fbd8ca4: 488b d848 | ba20 ec00 | 00a8 0200 | 0048 63db | 488b fb48 | 81fb ffff | ff00 0f87 | 154a 0000 
  0x000002a85fbd8cc4: 48c7 c617 | 0000 0048 | 8d34 9e48 | 83e6 f849 | 8b87 b801 | 0000 488d | 3430 493b | b7c8 0100 
  0x000002a85fbd8ce4: 000f 87ee | 4900 0049 | 89b7 b801 | 0000 482b | f048 c700 | 0100 0000 | 488b ca49 | ba00 0000 
  0x000002a85fbd8d04: 00a8 0200 | 0049 2bca | 8948 0889 | 580c 4883 | ee10 4885 | f60f 8411 | 0000 0048 | 33db 48c1 
  0x000002a85fbd8d24: ee03 4889 | 5cf0 0848 | ffce 75f6 | 4889 8424 | 0801 0000 | 4c8b 8424 | e000 0000 

  0x000002a85fbd8d40: ;   {metadata(method data for {method} {0x000002a87684a678} 'run' '(Ljava/util/Map;Ljava/util/Set;Ljava/util/Map;Lai/onnxruntime/OrtSession$RunOptions;)Lai/onnxruntime/OrtSession$Result;' in 'ai/onnxruntime/OrtSession')}
  0x000002a85fbd8d40: 48ba 0040 | f749 a802 | 0000 458b | 4008 49ba | 0000 0000 | a802 0000 | 4d03 c24c | 3b82 a005 
  0x000002a85fbd8d60: 0000 750d | 4883 82a8 | 0500 0001 | e960 0000 | 004c 3b82 | b005 0000 | 750d 4883 | 82b8 0500 
  0x000002a85fbd8d80: 0001 e94a | 0000 0048 | 83ba a005 | 0000 0075 | 174c 8982 | a005 0000 | 48c7 82a8 | 0500 0001 
  0x000002a85fbd8da0: 0000 00e9 | 2900 0000 | 4883 bab0 | 0500 0000 | 7517 4c89 | 82b0 0500 | 0048 c782 | b805 0000 
  0x000002a85fbd8dc0: 0100 0000 | e908 0000 | 0048 8382 | 9005 0000 | 0148 8b94 | 24e0 0000 | 000f 1f40 | 0048 b840 
  0x000002a85fbd8de0: fc1c 00a8 

  0x000002a85fbd8de4: ;   {virtual_call}
  0x000002a85fbd8de4: 0200 00e8 

  0x000002a85fbd8de8: ; ImmutableOopMap {[216]=Oop [224]=Oop [232]=Oop [240]=Oop [248]=Oop [264]=Oop }
                      ;*invokeinterface size {reexecute=0 rethrow=0 return_oop=0}
                      ; - ai.onnxruntime.OrtSession::run@167 (line 348)
  0x000002a85fbd8de8: b4da cc06 

  0x000002a85fbd8dec: ;   {other}
  0x000002a85fbd8dec: 0f1f 8400 | dc10 0005 

  0x000002a85fbd8df4: ;   {metadata({type array long})}
  0x000002a85fbd8df4: 488b d848 | baf8 2a00 | 00a8 0200 | 0048 63db | 488b fb48 | 81fb ffff | ff00 0f87 | cf48 0000 
  0x000002a85fbd8e14: 48c7 c617 | 0000 0048 | 8d34 de48 | 83e6 f849 | 8b87 b801 | 0000 488d | 3430 493b | b7c8 0100 
  0x000002a85fbd8e34: 000f 87a8 | 4800 0049 | 89b7 b801 | 0000 482b | f048 c700 | 0100 0000 | 488b ca49 | ba00 0000 
  0x000002a85fbd8e54: 00a8 0200 | 0049 2bca | 8948 0889 | 580c 4883 | ee10 4885 | f60f 8411 | 0000 0048 | 33db 48c1 
  0x000002a85fbd8e74: ee03 4889 | 5cf0 0848 | ffce 75f6 | 4889 8424 | 1001 0000 | 4c8b 8424 | e000 0000 

  0x000002a85fbd8e90: ;   {metadata(method data for {method} {0x000002a87684a678} 'run' '(Ljava/util/Map;Ljava/util/Set;Ljava/util/Map;Lai/onnxruntime/OrtSession$RunOptions;)Lai/onnxruntime/OrtSession$Result;' in 'ai/onnxruntime/OrtSession')}
  0x000002a85fbd8e90: 48ba 0040 | f749 a802 | 0000 458b | 4008 49ba | 0000 0000 | a802 0000 | 4d03 c24c | 3b82 d805 
  0x000002a85fbd8eb0: 0000 750d | 4883 82e0 | 0500 0001 | e960 0000 | 004c 3b82 | e805 0000 | 750d 4883 | 82f0 0500 
  0x000002a85fbd8ed0: 0001 e94a | 0000 0048 | 83ba d805 | 0000 0075 | 174c 8982 | d805 0000 | 48c7 82e0 | 0500 0001 
  0x000002a85fbd8ef0: 0000 00e9 | 2900 0000 | 4883 bae8 | 0500 0000 | 7517 4c89 | 82e8 0500 | 0048 c782 | f005 0000 
  0x000002a85fbd8f10: 0100 0000 | e908 0000 | 0048 8382 | c805 0000 | 0148 8b94 | 24e0 0000 | 000f 1f40 | 0048 b840 
  0x000002a85fbd8f30: fc1c 00a8 

  0x000002a85fbd8f34: ;   {virtual_call}
  0x000002a85fbd8f34: 0200 00e8 

  0x000002a85fbd8f38: ; ImmutableOopMap {[216]=Oop [232]=Oop [240]=Oop [248]=Oop [264]=Oop [272]=Oop }
                      ;*invokeinterface entrySet {reexecute=0 rethrow=0 return_oop=0}
                      ; - ai.onnxruntime.OrtSession::run@180 (line 350)
  0x000002a85fbd8f38: 4402 f4ff 

  0x000002a85fbd8f3c: ;   {other}
  0x000002a85fbd8f3c: 0f1f 8400 | 2c12 0006 

  0x000002a85fbd8f44: ; implicit exception: dispatches to 0x000002a85fbdd6ed
  0x000002a85fbd8f44: 483b 0048 

  0x000002a85fbd8f48: ;   {metadata(method data for {method} {0x000002a87684a678} 'run' '(Ljava/util/Map;Ljava/util/Set;Ljava/util/Map;Lai/onnxruntime/OrtSession$RunOptions;)Lai/onnxruntime/OrtSession$Result;' in 'ai/onnxruntime/OrtSession')}
  0x000002a85fbd8f48: 8bd0 48be | 0040 f749 | a802 0000 | 8b52 0849 | ba00 0000 | 00a8 0200 | 0049 03d2 | 483b 9610 
  0x000002a85fbd8f68: 0600 0075 | 0d48 8386 | 1806 0000 | 01e9 6000 | 0000 483b | 9620 0600 | 0075 0d48 | 8386 2806 
  0x000002a85fbd8f88: 0000 01e9 | 4a00 0000 | 4883 be10 | 0600 0000 | 7517 4889 | 9610 0600 | 0048 c786 | 1806 0000 
  0x000002a85fbd8fa8: 0100 0000 | e929 0000 | 0048 83be | 2006 0000 | 0075 1748 | 8996 2006 | 0000 48c7 | 8628 0600 
  0x000002a85fbd8fc8: 0001 0000 | 00e9 0800 | 0000 4883 | 8600 0600 | 0001 488b | d048 b8a0 | ed1c 00a8 

  0x000002a85fbd8fe4: ;   {virtual_call}
  0x000002a85fbd8fe4: 0200 00e8 

  0x000002a85fbd8fe8: ; ImmutableOopMap {[216]=Oop [232]=Oop [240]=Oop [248]=Oop [264]=Oop [272]=Oop }
                      ;*invokeinterface iterator {reexecute=0 rethrow=0 return_oop=0}
                      ; - ai.onnxruntime.OrtSession::run@185 (line 350)
  0x000002a85fbd8fe8: 54ab fcfe 

  0x000002a85fbd8fec: ;   {other}
  0x000002a85fbd8fec: 0f1f 8400 | dc12 0007 | 4889 8424 | 1801 0000 | be00 0000 | 0089 b424 | 0401 0000 | e94c 0900 
  0x000002a85fbd900c: 0066 6690 | 488b 8424 | 1801 0000 

  0x000002a85fbd9018: ;   {metadata(method data for {method} {0x000002a87684a678} 'run' '(Ljava/util/Map;Ljava/util/Set;Ljava/util/Map;Lai/onnxruntime/OrtSession$RunOptions;)Lai/onnxruntime/OrtSession$Result;' in 'ai/onnxruntime/OrtSession')}
  0x000002a85fbd9018: 48be 0040 | f749 a802 | 0000 8b40 | 0849 ba00 | 0000 00a8 | 0200 0049 | 03c2 483b | 86a0 0600 
  0x000002a85fbd9038: 0075 0d48 | 8386 a806 | 0000 01e9 | 6000 0000 | 483b 86b0 | 0600 0075 | 0d48 8386 | b806 0000 
  0x000002a85fbd9058: 01e9 4a00 | 0000 4883 | bea0 0600 | 0000 7517 | 4889 86a0 | 0600 0048 | c786 a806 | 0000 0100 
  0x000002a85fbd9078: 0000 e929 | 0000 0048 | 83be b006 | 0000 0075 | 1748 8986 | b006 0000 | 48c7 86b8 | 0600 0001 
  0x000002a85fbd9098: 0000 00e9 | 0800 0000 | 4883 8690 | 0600 0001 | 488b 9424 | 1801 0000 | 0f1f 4400 | 0048 b860 
  0x000002a85fbd90b8: f61c 00a8 

  0x000002a85fbd90bc: ;   {virtual_call}
  0x000002a85fbd90bc: 0200 00e8 

  0x000002a85fbd90c0: ; ImmutableOopMap {[216]=Oop [232]=Oop [240]=Oop [248]=Oop [264]=Oop [272]=Oop [280]=Oop }
                      ;*invokeinterface next {reexecute=0 rethrow=0 return_oop=0}
                      ; - ai.onnxruntime.OrtSession::run@204 (line 350)
  0x000002a85fbd90c0: 5c32 aa06 

  0x000002a85fbd90c4: ;   {other}
  0x000002a85fbd90c4: 0f1f 8400 | b413 0008 | 4885 c075 

  0x000002a85fbd90d0: ;   {metadata(method data for {method} {0x000002a87684a678} 'run' '(Ljava/util/Map;Ljava/util/Set;Ljava/util/Map;Lai/onnxruntime/OrtSession$RunOptions;)Lai/onnxruntime/OrtSession$Result;' in 'ai/onnxruntime/OrtSession')}
  0x000002a85fbd90d0: 1648 bf00 | 40f7 49a8 | 0200 0080 | 8fc1 0600 | 0001 e9e7 

  0x000002a85fbd90e4: ;   {metadata('java/util/Map$Entry')}
  0x000002a85fbd90e4: 0000 0048 | bb50 1301 | 00a8 0200 | 008b 7808 | 49ba 0000 | 0000 a802 | 0000 4903 | fa48 3b5f 
  0x000002a85fbd9104: 200f 841a | 0000 0048 | 3bfb 0f84 | 1100 0000 

  0x000002a85fbd9114: ;   {runtime_call slow_subtype_check Runtime1 stub}
  0x000002a85fbd9114: 5753 e8e5 | 551e 065f | 5f85 ff0f | 848d 0000 

  0x000002a85fbd9124: ;   {metadata(method data for {method} {0x000002a87684a678} 'run' '(Ljava/util/Map;Ljava/util/Set;Ljava/util/Map;Lai/onnxruntime/OrtSession$RunOptions;)Lai/onnxruntime/OrtSession$Result;' in 'ai/onnxruntime/OrtSession')}
  0x000002a85fbd9124: 0048 bf00 | 40f7 49a8 | 0200 008b | 5808 49ba | 0000 0000 | a802 0000 | 4903 da48 | 3b9f d806 
  0x000002a85fbd9144: 0000 750d | 4883 87e0 | 0600 0001 | e979 0000 | 0048 3b9f | e806 0000 | 750d 4883 | 87f0 0600 
  0x000002a85fbd9164: 0001 e963 | 0000 0048 | 83bf d806 | 0000 0075 | 1748 899f | d806 0000 | 48c7 87e0 | 0600 0001 
  0x000002a85fbd9184: 0000 00e9 | 4200 0000 | 4883 bfe8 | 0600 0000 | 7517 4889 | 9fe8 0600 | 0048 c787 | f006 0000 
  0x000002a85fbd91a4: 0100 0000 | e921 0000 | 00e9 1c00 

  0x000002a85fbd91b0: ;   {metadata(method data for {method} {0x000002a87684a678} 'run' '(Ljava/util/Map;Ljava/util/Set;Ljava/util/Map;Lai/onnxruntime/OrtSession$RunOptions;)Lai/onnxruntime/OrtSession$Result;' in 'ai/onnxruntime/OrtSession')}
  0x000002a85fbd91b0: 0000 48bf | 0040 f749 | a802 0000 | 4883 afc8 | 0600 0001 | e929 4500 | 00e9 0000 | 0000 488b 
  0x000002a85fbd91d0: f048 89b4 | 2428 0100 | 0048 8b94 | 24d8 0000 | 008b 7a2c 

  0x000002a85fbd91e4: ; implicit exception: dispatches to 0x000002a85fbdd6fb
  0x000002a85fbd91e4: 483b 0648 

  0x000002a85fbd91e8: ;   {metadata(method data for {method} {0x000002a87684a678} 'run' '(Ljava/util/Map;Ljava/util/Set;Ljava/util/Map;Lai/onnxruntime/OrtSession$RunOptions;)Lai/onnxruntime/OrtSession$Result;' in 'ai/onnxruntime/OrtSession')}
  0x000002a85fbd91e8: 8bde 48b8 | 0040 f749 | a802 0000 | 8b5b 0849 | ba00 0000 | 00a8 0200 | 0049 03da | 483b 9810 
  0x000002a85fbd9208: 0700 0075 | 0d48 8380 | 1807 0000 | 01e9 6000 | 0000 483b | 9820 0700 | 0075 0d48 | 8380 2807 
  0x000002a85fbd9228: 0000 01e9 | 4a00 0000 | 4883 b810 | 0700 0000 | 7517 4889 | 9810 0700 | 0048 c780 | 1807 0000 
  0x000002a85fbd9248: 0100 0000 | e929 0000 | 0048 83b8 | 2007 0000 | 0075 1748 | 8998 2007 | 0000 48c7 | 8028 0700 
  0x000002a85fbd9268: 0001 0000 | 00e9 0800 | 0000 4883 | 8000 0700 | 0001 488b | d648 89bc | 2420 0100 | 0048 b870 
  0x000002a85fbd9288: 9d17 00a8 

  0x000002a85fbd928c: ;   {virtual_call}
  0x000002a85fbd928c: 0200 00e8 

  0x000002a85fbd9290: ; ImmutableOopMap {[216]=Oop [232]=Oop [240]=Oop [248]=Oop [264]=Oop [272]=Oop [280]=Oop [288]=Oop [296]=Oop }
                      ;*invokeinterface getKey {reexecute=0 rethrow=0 return_oop=0}
                      ; - ai.onnxruntime.OrtSession::run@220 (line 351)
  0x000002a85fbd9290: 0c34 cb06 

  0x000002a85fbd9294: ;   {other}
  0x000002a85fbd9294: 0f1f 8400 | 8415 0009 | 488b bc24 | 2001 0000 

  0x000002a85fbd92a4: ; implicit exception: dispatches to 0x000002a85fbdd700
  0x000002a85fbd92a4: 483b 074c 

  0x000002a85fbd92a8: ;   {metadata(method data for {method} {0x000002a87684a678} 'run' '(Ljava/util/Map;Ljava/util/Set;Ljava/util/Map;Lai/onnxruntime/OrtSession$RunOptions;)Lai/onnxruntime/OrtSession$Result;' in 'ai/onnxruntime/OrtSession')}
  0x000002a85fbd92a8: 8bc7 48ba | 0040 f749 | a802 0000 | 458b 4008 | 49ba 0000 | 0000 a802 | 0000 4d03 | c24c 3b82 
  0x000002a85fbd92c8: 4807 0000 | 750d 4883 | 8250 0700 | 0001 e960 | 0000 004c | 3b82 5807 | 0000 750d | 4883 8260 
  0x000002a85fbd92e8: 0700 0001 | e94a 0000 | 0048 83ba | 4807 0000 | 0075 174c | 8982 4807 | 0000 48c7 | 8250 0700 
  0x000002a85fbd9308: 0001 0000 | 00e9 2900 | 0000 4883 | ba58 0700 | 0000 7517 | 4c89 8258 | 0700 0048 | c782 6007 
  0x000002a85fbd9328: 0000 0100 | 0000 e908 | 0000 0048 | 8382 3807 | 0000 014c | 8bc0 488b | d70f 1f40 | 0048 b808 
  0x000002a85fbd9348: 4b0f 00a8 

  0x000002a85fbd934c: ;   {virtual_call}
  0x000002a85fbd934c: 0200 00e8 

  0x000002a85fbd9350: ; ImmutableOopMap {[216]=Oop [232]=Oop [240]=Oop [248]=Oop [264]=Oop [272]=Oop [280]=Oop [296]=Oop }
                      ;*invokeinterface contains {reexecute=0 rethrow=0 return_oop=0}
                      ; - ai.onnxruntime.OrtSession::run@225 (line 351)
  0x000002a85fbd9350: 2c75 c806 

  0x000002a85fbd9354: ;   {other}
  0x000002a85fbd9354: 0f1f 8400 | 4416 000a 

  0x000002a85fbd935c: ;   {metadata(method data for {method} {0x000002a87684a678} 'run' '(Ljava/util/Map;Ljava/util/Set;Ljava/util/Map;Lai/onnxruntime/OrtSession$RunOptions;)Lai/onnxruntime/OrtSession$Result;' in 'ai/onnxruntime/OrtSession')}
  0x000002a85fbd935c: 85c0 48ba | 0040 f749 | a802 0000 | 48c7 c670 | 0700 0074 | 0748 c7c6 | 8007 0000 | 488b 3c32 
  0x000002a85fbd937c: 488d 7f01 | 4889 3c32 | 0f84 b731 | 0000 488b | 9424 2801 

  0x000002a85fbd9390: ;   {metadata(method data for {method} {0x000002a87684a678} 'run' '(Ljava/util/Map;Ljava/util/Set;Ljava/util/Map;Lai/onnxruntime/OrtSession$RunOptions;)Lai/onnxruntime/OrtSession$Result;' in 'ai/onnxruntime/OrtSession')}
  0x000002a85fbd9390: 0000 48bb | 0040 f749 | a802 0000 | 8b52 0849 | ba00 0000 | 00a8 0200 | 0049 03d2 | 483b 93a0 
  0x000002a85fbd93b0: 0700 0075 | 0d48 8383 | a807 0000 | 01e9 6000 | 0000 483b | 93b0 0700 | 0075 0d48 | 8383 b807 
  0x000002a85fbd93d0: 0000 01e9 | 4a00 0000 | 4883 bba0 | 0700 0000 | 7517 4889 | 93a0 0700 | 0048 c783 | a807 0000 
  0x000002a85fbd93f0: 0100 0000 | e929 0000 | 0048 83bb | b007 0000 | 0075 1748 | 8993 b007 | 0000 48c7 | 83b8 0700 
  0x000002a85fbd9410: 0001 0000 | 00e9 0800 | 0000 4883 | 8390 0700 | 0001 488b | 9424 2801 | 0000 6666 | 9048 b870 
  0x000002a85fbd9430: 9d17 00a8 

  0x000002a85fbd9434: ;   {virtual_call}
  0x000002a85fbd9434: 0200 00e8 

  0x000002a85fbd9438: ; ImmutableOopMap {[216]=Oop [232]=Oop [240]=Oop [248]=Oop [264]=Oop [272]=Oop [280]=Oop [296]=Oop }
                      ;*invokeinterface getKey {reexecute=0 rethrow=0 return_oop=0}
                      ; - ai.onnxruntime.OrtSession::run@239 (line 352)
  0x000002a85fbd9438: 6432 cb06 

  0x000002a85fbd943c: ;   {other}
  0x000002a85fbd943c: 0f1f 8400 | 2c17 000b | 4885 c075 

  0x000002a85fbd9448: ;   {metadata(method data for {method} {0x000002a87684a678} 'run' '(Ljava/util/Map;Ljava/util/Set;Ljava/util/Map;Lai/onnxruntime/OrtSession$RunOptions;)Lai/onnxruntime/OrtSession$Result;' in 'ai/onnxruntime/OrtSession')}
  0x000002a85fbd9448: 1648 bf00 | 40f7 49a8 | 0200 0080 | 8fc1 0700 | 0001 e9cc 

  0x000002a85fbd945c: ;   {metadata('java/lang/String')}
  0x000002a85fbd945c: 0000 0048 | bb78 e800 | 00a8 0200 | 008b 7008 | 49ba 0000 | 0000 a802 | 0000 4903 | f248 3bde 
  0x000002a85fbd947c: 0f85 8d00 

  0x000002a85fbd9480: ;   {metadata(method data for {method} {0x000002a87684a678} 'run' '(Ljava/util/Map;Ljava/util/Set;Ljava/util/Map;Lai/onnxruntime/OrtSession$RunOptions;)Lai/onnxruntime/OrtSession$Result;' in 'ai/onnxruntime/OrtSession')}
  0x000002a85fbd9480: 0000 48bf | 0040 f749 | a802 0000 | 8b58 0849 | ba00 0000 | 00a8 0200 | 0049 03da | 483b 9fd8 
  0x000002a85fbd94a0: 0700 0075 | 0d48 8387 | e007 0000 | 01e9 7900 | 0000 483b | 9fe8 0700 | 0075 0d48 | 8387 f007 
  0x000002a85fbd94c0: 0000 01e9 | 6300 0000 | 4883 bfd8 | 0700 0000 | 7517 4889 | 9fd8 0700 | 0048 c787 | e007 0000 
  0x000002a85fbd94e0: 0100 0000 | e942 0000 | 0048 83bf | e807 0000 | 0075 1748 | 899f e807 | 0000 48c7 | 87f0 0700 
  0x000002a85fbd9500: 0001 0000 | 00e9 2100 | 0000 e91c 

  0x000002a85fbd950c: ;   {metadata(method data for {method} {0x000002a87684a678} 'run' '(Ljava/util/Map;Ljava/util/Set;Ljava/util/Map;Lai/onnxruntime/OrtSession$RunOptions;)Lai/onnxruntime/OrtSession$Result;' in 'ai/onnxruntime/OrtSession')}
  0x000002a85fbd950c: 0000 0048 | bf00 40f7 | 49a8 0200 | 0048 83af | c807 0000 | 01e9 df41 | 0000 e900 | 0000 0048 
  0x000002a85fbd952c: 8bd0 488b | 8424 0801 | 0000 8bb4 | 2404 0100 | 003b 700c | 0f83 c841 | 0000 4885 

  0x000002a85fbd9548: ;   {metadata(method data for {method} {0x000002a87684a678} 'run' '(Ljava/util/Map;Ljava/util/Set;Ljava/util/Map;Lai/onnxruntime/OrtSession$RunOptions;)Lai/onnxruntime/OrtSession$Result;' in 'ai/onnxruntime/OrtSession')}
  0x000002a85fbd9548: d275 1648 | bb00 40f7 | 49a8 0200 | 0080 8bf9 | 0700 0001 | e9f8 0000 | 008b 7808 | 49ba 0000 
  0x000002a85fbd9568: 0000 a802 | 0000 4903 | fa8b 5a08 | 49ba 0000 | 0000 a802 | 0000 4903 | da48 8bbf | e000 0000 
  0x000002a85fbd9588: 483b df0f | 8427 0000 | 008b 4f14 | 483b 3c0b | 0f84 1a00 | 0000 83f9 | 200f 859b | 0000 0053 
  0x000002a85fbd95a8: ;   {runtime_call slow_subtype_check Runtime1 stub}
  0x000002a85fbd95a8: 57e8 5251 | 1e06 5b5f | 85ff 0f84 | 8a00 0000 

  0x000002a85fbd95b8: ;   {metadata(method data for {method} {0x000002a87684a678} 'run' '(Ljava/util/Map;Ljava/util/Set;Ljava/util/Map;Lai/onnxruntime/OrtSession$RunOptions;)Lai/onnxruntime/OrtSession$Result;' in 'ai/onnxruntime/OrtSession')}
  0x000002a85fbd95b8: 48bb 0040 | f749 a802 | 0000 8b7a | 0849 ba00 | 0000 00a8 | 0200 0049 | 03fa 483b | bb10 0800 
  0x000002a85fbd95d8: 0075 0d48 | 8383 1808 | 0000 01e9 | 7100 0000 | 483b bb20 | 0800 0075 | 0d48 8383 | 2808 0000 
  0x000002a85fbd95f8: 01e9 5b00 | 0000 4883 | bb10 0800 | 0000 7517 | 4889 bb10 | 0800 0048 | c783 1808 | 0000 0100 
  0x000002a85fbd9618: 0000 e93a | 0000 0048 | 83bb 2008 | 0000 0075 | 1748 89bb | 2008 0000 | 48c7 8328 | 0800 0001 
  0x000002a85fbd9638: 0000 00e9 | 1900 0000 

  0x000002a85fbd9640: ;   {metadata(method data for {method} {0x000002a87684a678} 'run' '(Ljava/util/Map;Ljava/util/Set;Ljava/util/Map;Lai/onnxruntime/OrtSession$RunOptions;)Lai/onnxruntime/OrtSession$Result;' in 'ai/onnxruntime/OrtSession')}
  0x000002a85fbd9640: eb17 48bb | 0040 f749 | a802 0000 | 4883 ab00 | 0800 0001 | e9c8 4000 | 0048 63fe | 488d 7cb8 
  0x000002a85fbd9660: 1041 0fbe | 5f40 85db | 0f85 bc40 | 0000 4c8b | d244 8917 | 488b df48 | 33da 48c1 | eb14 4883 
  0x000002a85fbd9680: fb00 0f85 | bc40 0000 | 488b 9424 | 2801 0000 

  0x000002a85fbd9690: ;   {metadata(method data for {method} {0x000002a87684a678} 'run' '(Ljava/util/Map;Ljava/util/Set;Ljava/util/Map;Lai/onnxruntime/OrtSession$RunOptions;)Lai/onnxruntime/OrtSession$Result;' in 'ai/onnxruntime/OrtSession')}
  0x000002a85fbd9690: 48bf 0040 | f749 a802 | 0000 8b52 | 0849 ba00 | 0000 00a8 | 0200 0049 | 03d2 483b | 9748 0800 
  0x000002a85fbd96b0: 0075 0d48 | 8387 5008 | 0000 01e9 | 6000 0000 | 483b 9758 | 0800 0075 | 0d48 8387 | 6008 0000 
  0x000002a85fbd96d0: 01e9 4a00 | 0000 4883 | bf48 0800 | 0000 7517 | 4889 9748 | 0800 0048 | c787 5008 | 0000 0100 
  0x000002a85fbd96f0: 0000 e929 | 0000 0048 | 83bf 5808 | 0000 0075 | 1748 8997 | 5808 0000 | 48c7 8760 | 0800 0001 
  0x000002a85fbd9710: 0000 00e9 | 0800 0000 | 4883 8738 | 0800 0001 | 488b 9424 | 2801 0000 | 89b4 2404 | 0100 0066 
  0x000002a85fbd9730: 0f1f 4400 | 0048 b870 | 9d17 00a8 

  0x000002a85fbd973c: ;   {virtual_call}
  0x000002a85fbd973c: 0200 00e8 

  0x000002a85fbd9740: ; ImmutableOopMap {[216]=Oop [232]=Oop [240]=Oop [248]=Oop [264]=Oop [272]=Oop [280]=Oop }
                      ;*invokeinterface getValue {reexecute=0 rethrow=0 return_oop=0}
                      ; - ai.onnxruntime.OrtSession::run@254 (line 353)
  0x000002a85fbd9740: 5c78 cf06 

  0x000002a85fbd9744: ;   {other}
  0x000002a85fbd9744: 0f1f 8400 | 341a 000c | 4885 c075 

  0x000002a85fbd9750: ;   {metadata(method data for {method} {0x000002a87684a678} 'run' '(Ljava/util/Map;Ljava/util/Set;Ljava/util/Map;Lai/onnxruntime/OrtSession$RunOptions;)Lai/onnxruntime/OrtSession$Result;' in 'ai/onnxruntime/OrtSession')}
  0x000002a85fbd9750: 1648 bf00 | 40f7 49a8 | 0200 0080 | 8f69 0800 | 0001 e9cd 

  0x000002a85fbd9764: ;   {metadata('ai/onnxruntime/OnnxTensorLike')}
  0x000002a85fbd9764: 0000 0048 | bb88 48c3 | 01a8 0200 | 008b 7808 | 49ba 0000 | 0000 a802 | 0000 4903 | fa48 3b5f 
  0x000002a85fbd9784: 380f 858d 

  0x000002a85fbd9788: ;   {metadata(method data for {method} {0x000002a87684a678} 'run' '(Ljava/util/Map;Ljava/util/Set;Ljava/util/Map;Lai/onnxruntime/OrtSession$RunOptions;)Lai/onnxruntime/OrtSession$Result;' in 'ai/onnxruntime/OrtSession')}
  0x000002a85fbd9788: 0000 0048 | bf00 40f7 | 49a8 0200 | 008b 5808 | 49ba 0000 | 0000 a802 | 0000 4903 | da48 3b9f 
  0x000002a85fbd97a8: 8008 0000 | 750d 4883 | 8788 0800 | 0001 e979 | 0000 0048 | 3b9f 9008 | 0000 750d | 4883 8798 
  0x000002a85fbd97c8: 0800 0001 | e963 0000 | 0048 83bf | 8008 0000 | 0075 1748 | 899f 8008 | 0000 48c7 | 8788 0800 
  0x000002a85fbd97e8: 0001 0000 | 00e9 4200 | 0000 4883 | bf90 0800 | 0000 7517 | 4889 9f90 | 0800 0048 | c787 9808 
  0x000002a85fbd9808: 0000 0100 | 0000 e921 | 0000 00e9 | 1c00 0000 

  0x000002a85fbd9818: ;   {metadata(method data for {method} {0x000002a87684a678} 'run' '(Ljava/util/Map;Ljava/util/Set;Ljava/util/Map;Lai/onnxruntime/OrtSession$RunOptions;)Lai/onnxruntime/OrtSession$Result;' in 'ai/onnxruntime/OrtSession')}
  0x000002a85fbd9818: 48bf 0040 | f749 a802 | 0000 4883 | af70 0800 | 0001 e92d | 3f00 00e9 | 0000 0000 | 488b d048 
  0x000002a85fbd9838: 3b02 488b 

  0x000002a85fbd983c: ;   {metadata(method data for {method} {0x000002a87684a678} 'run' '(Ljava/util/Map;Ljava/util/Set;Ljava/util/Map;Lai/onnxruntime/OrtSession$RunOptions;)Lai/onnxruntime/OrtSession$Result;' in 'ai/onnxruntime/OrtSession')}
  0x000002a85fbd983c: f248 bf00 | 40f7 49a8 | 0200 008b | 7608 49ba | 0000 0000 | a802 0000 | 4903 f248 | 3bb7 b808 
  0x000002a85fbd985c: 0000 750d | 4883 87c0 | 0800 0001 | e960 0000 | 0048 3bb7 | c808 0000 | 750d 4883 | 87d0 0800 
  0x000002a85fbd987c: 0001 e94a | 0000 0048 | 83bf b808 | 0000 0075 | 1748 89b7 | b808 0000 | 48c7 87c0 | 0800 0001 
  0x000002a85fbd989c: 0000 00e9 | 2900 0000 | 4883 bfc8 | 0800 0000 | 7517 4889 | b7c8 0800 | 0048 c787 | d008 0000 
  0x000002a85fbd98bc: 0100 0000 | e908 0000 | 0048 8387 | a808 0000 | 0148 8b72 | 1048 8b84 | 2410 0100 | 008b 9424 
  0x000002a85fbd98dc: 0401 0000 | 3b50 0c0f | 8381 3e00 | 0048 63fa | 4889 74f8 | 1048 8bf2 

  0x000002a85fbd98f4: ;   {metadata(method data for {method} {0x000002a87684a678} 'run' '(Ljava/util/Map;Ljava/util/Set;Ljava/util/Map;Lai/onnxruntime/OrtSession$RunOptions;)Lai/onnxruntime/OrtSession$Result;' in 'ai/onnxruntime/OrtSession')}
  0x000002a85fbd98f4: ffc6 48ba | 0040 f749 | a802 0000 | ff82 e008 

  0x000002a85fbd9904: ;   {metadata(method data for {method} {0x000002a87684a678} 'run' '(Ljava/util/Map;Ljava/util/Set;Ljava/util/Map;Lai/onnxruntime/OrtSession$RunOptions;)Lai/onnxruntime/OrtSession$Result;' in 'ai/onnxruntime/OrtSession')}
  0x000002a85fbd9904: 0000 48ba | 0040 f749 | a802 0000 | 8bba d000 | 0000 83c7 | 0289 bad0 | 0000 0081 | e7fe 3f00 
  0x000002a85fbd9924: 0085 ff0f | 844b 3e00 | 004d 8b97 

  0x000002a85fbd9930: ; ImmutableOopMap {rax=Oop [216]=Oop [232]=Oop [240]=Oop [248]=Oop [264]=Oop [272]=Oop [280]=Oop }
                      ;*goto {reexecute=1 rethrow=0 return_oop=0}
                      ; - (reexecute) ai.onnxruntime.OrtSession::run@323 (line 359)
  0x000002a85fbd9930: 5804 0000 

  0x000002a85fbd9934: ;   {poll}
  0x000002a85fbd9934: 4185 0248 | ba00 40f7 | 49a8 0200 | 00ff 82d8 | 0a00 0048 | 8bd6 8994 | 2404 0100 | 0048 8b84 
  0x000002a85fbd9954: 2418 0100 | 0048 3b00 

  0x000002a85fbd995c: ;   {metadata(method data for {method} {0x000002a87684a678} 'run' '(Ljava/util/Map;Ljava/util/Set;Ljava/util/Map;Lai/onnxruntime/OrtSession$RunOptions;)Lai/onnxruntime/OrtSession$Result;' in 'ai/onnxruntime/OrtSession')}
  0x000002a85fbd995c: 488b c849 | b800 40f7 | 49a8 0200 | 008b 4908 | 49ba 0000 | 0000 a802 | 0000 4903 | ca49 3b88 
  0x000002a85fbd997c: 4806 0000 | 750d 4983 | 8050 0600 | 0001 e960 | 0000 0049 | 3b88 5806 | 0000 750d | 4983 8060 
  0x000002a85fbd999c: 0600 0001 | e94a 0000 | 0049 83b8 | 4806 0000 | 0075 1749 | 8988 4806 | 0000 49c7 | 8050 0600 
  0x000002a85fbd99bc: 0001 0000 | 00e9 2900 | 0000 4983 | b858 0600 | 0000 7517 | 4989 8858 | 0600 0049 | c780 6006 
  0x000002a85fbd99dc: 0000 0100 | 0000 e908 | 0000 0049 | 8380 3806 | 0000 0148 | 8bd0 6666 | 9048 b860 | f61c 00a8 
  0x000002a85fbd99fc: ;   {virtual_call}
  0x000002a85fbd99fc: 0200 00e8 

  0x000002a85fbd9a00: ; ImmutableOopMap {[216]=Oop [232]=Oop [240]=Oop [248]=Oop [264]=Oop [272]=Oop [280]=Oop }
                      ;*invokeinterface hasNext {reexecute=0 rethrow=0 return_oop=0}
                      ; - ai.onnxruntime.OrtSession::run@194 (line 350)
  0x000002a85fbd9a00: 1cdd 7706 

  0x000002a85fbd9a04: ;   {other}
  0x000002a85fbd9a04: 0f1f 8400 | f41c 000e 

  0x000002a85fbd9a0c: ;   {metadata(method data for {method} {0x000002a87684a678} 'run' '(Ljava/util/Map;Ljava/util/Set;Ljava/util/Map;Lai/onnxruntime/OrtSession$RunOptions;)Lai/onnxruntime/OrtSession$Result;' in 'ai/onnxruntime/OrtSession')}
  0x000002a85fbd9a0c: 85c0 48ba | 0040 f749 | a802 0000 | 48c7 c680 | 0600 0075 | 0748 c7c6 | 7006 0000 | 488b 3c32 
  0x000002a85fbd9a2c: 488d 7f01 | 4889 3c32 | 0f85 d6f5 | ffff 4c8b | 8c24 e800 

  0x000002a85fbd9a40: ;   {metadata(method data for {method} {0x000002a87684a678} 'run' '(Ljava/util/Map;Ljava/util/Set;Ljava/util/Map;Lai/onnxruntime/OrtSession$RunOptions;)Lai/onnxruntime/OrtSession$Result;' in 'ai/onnxruntime/OrtSession')}
  0x000002a85fbd9a40: 0000 48ba | 0040 f749 | a802 0000 | 458b 4908 | 49ba 0000 | 0000 a802 | 0000 4d03 | ca4c 3b8a 
  0x000002a85fbd9a60: 000b 0000 | 750d 4883 | 8208 0b00 | 0001 e960 | 0000 004c | 3b8a 100b | 0000 750d | 4883 8218 
  0x000002a85fbd9a80: 0b00 0001 | e94a 0000 | 0048 83ba | 000b 0000 | 0075 174c | 898a 000b | 0000 48c7 | 8208 0b00 
  0x000002a85fbd9aa0: 0001 0000 | 00e9 2900 | 0000 4883 | ba10 0b00 | 0000 7517 | 4c89 8a10 | 0b00 0048 | c782 180b 
  0x000002a85fbd9ac0: 0000 0100 | 0000 e908 | 0000 0048 | 8382 f00a | 0000 0148 | 8b94 24e8 | 0000 0066 | 9048 b808 
  0x000002a85fbd9ae0: 4b0f 00a8 

  0x000002a85fbd9ae4: ;   {virtual_call}
  0x000002a85fbd9ae4: 0200 00e8 

  0x000002a85fbd9ae8: ; ImmutableOopMap {[216]=Oop [232]=Oop [240]=Oop [248]=Oop [264]=Oop [272]=Oop }
                      ;*invokeinterface size {reexecute=0 rethrow=0 return_oop=0}
                      ; - ai.onnxruntime.OrtSession::run@327 (line 360)
  0x000002a85fbd9ae8: 34a5 d406 

  0x000002a85fbd9aec: ;   {other}
  0x000002a85fbd9aec: 0f1f 8400 | dc1d 000f | 488b bc24 | f000 0000 

  0x000002a85fbd9afc: ;   {metadata(method data for {method} {0x000002a87684a678} 'run' '(Ljava/util/Map;Ljava/util/Set;Ljava/util/Map;Lai/onnxruntime/OrtSession$RunOptions;)Lai/onnxruntime/OrtSession$Result;' in 'ai/onnxruntime/OrtSession')}
  0x000002a85fbd9afc: 48ba 0040 | f749 a802 | 0000 8b7f | 0849 ba00 | 0000 00a8 | 0200 0049 | 03fa 483b | ba38 0b00 
  0x000002a85fbd9b1c: 0075 0d48 | 8382 400b | 0000 01e9 | 6000 0000 | 483b ba48 | 0b00 0075 | 0d48 8382 | 500b 0000 
  0x000002a85fbd9b3c: 01e9 4a00 | 0000 4883 | ba38 0b00 | 0000 7517 | 4889 ba38 | 0b00 0048 | c782 400b | 0000 0100 
  0x000002a85fbd9b5c: 0000 e929 | 0000 0048 | 83ba 480b | 0000 0075 | 1748 89ba | 480b 0000 | 48c7 8250 | 0b00 0001 
  0x000002a85fbd9b7c: 0000 00e9 | 0800 0000 | 4883 8228 | 0b00 0001 | 488b 9424 | f000 0000 | 8984 2430 | 0100 0066 
  0x000002a85fbd9b9c: 9048 b8f0 | 661d 00a8 

  0x000002a85fbd9ba4: ;   {virtual_call}
  0x000002a85fbd9ba4: 0200 00e8 

  0x000002a85fbd9ba8: ; ImmutableOopMap {[216]=Oop [232]=Oop [240]=Oop [248]=Oop [264]=Oop [272]=Oop }
                      ;*invokeinterface size {reexecute=0 rethrow=0 return_oop=0}
                      ; - ai.onnxruntime.OrtSession::run@333 (line 360)
  0x000002a85fbd9ba8: f4d7 a006 

  0x000002a85fbd9bac: ;   {other}
  0x000002a85fbd9bac: 0f1f 8400 | 9c1e 0010 | 8b9c 2430 | 0100 0003 

  0x000002a85fbd9bbc: ;   {metadata('java/lang/String'[])}
  0x000002a85fbd9bbc: d848 ba20 | ec00 00a8 | 0200 0048 | 63db 488b | fb48 81fb | ffff ff00 | 0f87 c43b | 0000 48c7 
  0x000002a85fbd9bdc: c617 0000 | 0048 8d34 | 9e48 83e6 | f849 8b87 | b801 0000 | 488d 3430 | 493b b7c8 | 0100 000f 
  0x000002a85fbd9bfc: 879d 3b00 | 0049 89b7 | b801 0000 | 482b f048 | c700 0100 | 0000 488b | ca49 ba00 | 0000 00a8 
  0x000002a85fbd9c1c: 0200 0049 | 2bca 8948 | 0889 580c | 4883 ee10 | 4885 f60f | 8411 0000 | 0048 33db | 48c1 ee03 
  0x000002a85fbd9c3c: 4889 5cf0 | 0848 ffce | 75f6 4889 | 8424 3801 | 0000 448b | 400c 498b 

  0x000002a85fbd9c54: ;   {metadata('ai/onnxruntime/OnnxValue'[])}
  0x000002a85fbd9c54: d848 ba28 | 54c3 01a8 | 0200 0048 | 63db 488b | fb48 81fb | ffff ff00 | 0f87 363b | 0000 48c7 
  0x000002a85fbd9c74: c617 0000 | 0048 8d34 | 9e48 83e6 | f849 8b87 | b801 0000 | 488d 3430 | 493b b7c8 | 0100 000f 
  0x000002a85fbd9c94: 870f 3b00 | 0049 89b7 | b801 0000 | 482b f048 | c700 0100 | 0000 488b | ca49 ba00 | 0000 00a8 
  0x000002a85fbd9cb4: 0200 0049 | 2bca 8948 | 0889 580c | 4883 ee10 | 4885 f60f | 8411 0000 | 0048 33db | 48c1 ee03 
  0x000002a85fbd9cd4: 4889 5cf0 | 0848 ffce | 75f6 4889 | 8424 4001 | 0000 498b 

  0x000002a85fbd9ce8: ;   {metadata({type array long})}
  0x000002a85fbd9ce8: d848 baf8 | 2a00 00a8 | 0200 0048 | 63db 488b | fb48 81fb | ffff ff00 | 0f87 ac3a | 0000 48c7 
  0x000002a85fbd9d08: c617 0000 | 0048 8d34 | de48 83e6 | f849 8b87 | b801 0000 | 488d 3430 | 493b b7c8 | 0100 000f 
  0x000002a85fbd9d28: 8785 3a00 | 0049 89b7 | b801 0000 | 482b f048 | c700 0100 | 0000 488b | ca49 ba00 | 0000 00a8 
  0x000002a85fbd9d48: 0200 0049 | 2bca 8948 | 0889 580c | 4883 ee10 | 4885 f60f | 8411 0000 | 0048 33db | 48c1 ee03 
  0x000002a85fbd9d68: 4889 5cf0 | 0848 ffce | 75f6 4889 | 8424 4801 | 0000 488b | bc24 f000 

  0x000002a85fbd9d80: ;   {metadata(method data for {method} {0x000002a87684a678} 'run' '(Ljava/util/Map;Ljava/util/Set;Ljava/util/Map;Lai/onnxruntime/OrtSession$RunOptions;)Lai/onnxruntime/OrtSession$Result;' in 'ai/onnxruntime/OrtSession')}
  0x000002a85fbd9d80: 0000 48ba | 0040 f749 | a802 0000 | 8b7f 0849 | ba00 0000 | 00a8 0200 | 0049 03fa | 483b ba70 
  0x000002a85fbd9da0: 0b00 0075 | 0d48 8382 | 780b 0000 | 01e9 6000 | 0000 483b | ba80 0b00 | 0075 0d48 | 8382 880b 
  0x000002a85fbd9dc0: 0000 01e9 | 4a00 0000 | 4883 ba70 | 0b00 0000 | 7517 4889 | ba70 0b00 | 0048 c782 | 780b 0000 
  0x000002a85fbd9de0: 0100 0000 | e929 0000 | 0048 83ba | 800b 0000 | 0075 1748 | 89ba 800b | 0000 48c7 | 8288 0b00 
  0x000002a85fbd9e00: 0001 0000 | 00e9 0800 | 0000 4883 | 8260 0b00 | 0001 488b | 9424 f000 | 0000 4489 | 8424 3401 
  0x000002a85fbd9e20: 0000 6666 | 9048 b8f0 | 661d 00a8 

  0x000002a85fbd9e2c: ;   {virtual_call}
  0x000002a85fbd9e2c: 0200 00e8 

  0x000002a85fbd9e30: ; ImmutableOopMap {[216]=Oop [232]=Oop [240]=Oop [248]=Oop [264]=Oop [272]=Oop [312]=Oop [320]=Oop [328]=Oop }
                      ;*invokeinterface entrySet {reexecute=0 rethrow=0 return_oop=0}
                      ; - ai.onnxruntime.OrtSession::run@363 (line 364)
  0x000002a85fbd9e30: ec43 d806 

  0x000002a85fbd9e34: ;   {other}
  0x000002a85fbd9e34: 0f1f 8400 | 2421 0011 

  0x000002a85fbd9e3c: ; implicit exception: dispatches to 0x000002a85fbdd7bc
  0x000002a85fbd9e3c: 483b 0048 

  0x000002a85fbd9e40: ;   {metadata(method data for {method} {0x000002a87684a678} 'run' '(Ljava/util/Map;Ljava/util/Set;Ljava/util/Map;Lai/onnxruntime/OrtSession$RunOptions;)Lai/onnxruntime/OrtSession$Result;' in 'ai/onnxruntime/OrtSession')}
  0x000002a85fbd9e40: 8bd0 48be | 0040 f749 | a802 0000 | 8b52 0849 | ba00 0000 | 00a8 0200 | 0049 03d2 | 483b 96a8 
  0x000002a85fbd9e60: 0b00 0075 | 0d48 8386 | b00b 0000 | 01e9 6000 | 0000 483b | 96b8 0b00 | 0075 0d48 | 8386 c00b 
  0x000002a85fbd9e80: 0000 01e9 | 4a00 0000 | 4883 bea8 | 0b00 0000 | 7517 4889 | 96a8 0b00 | 0048 c786 | b00b 0000 
  0x000002a85fbd9ea0: 0100 0000 | e929 0000 | 0048 83be | b80b 0000 | 0075 1748 | 8996 b80b | 0000 48c7 | 86c0 0b00 
  0x000002a85fbd9ec0: 0001 0000 | 00e9 0800 | 0000 4883 | 8698 0b00 | 0001 488b | d048 b8e0 | 4c1d 00a8 

  0x000002a85fbd9edc: ;   {virtual_call}
  0x000002a85fbd9edc: 0200 00e8 

  0x000002a85fbd9ee0: ; ImmutableOopMap {[216]=Oop [232]=Oop [240]=Oop [248]=Oop [264]=Oop [272]=Oop [312]=Oop [320]=Oop [328]=Oop }
                      ;*invokeinterface iterator {reexecute=0 rethrow=0 return_oop=0}
                      ; - ai.onnxruntime.OrtSession::run@368 (line 364)
  0x000002a85fbd9ee0: bc10 a606 

  0x000002a85fbd9ee4: ;   {other}
  0x000002a85fbd9ee4: 0f1f 8400 | d421 0012 | 4889 8424 | 5001 0000 | be00 0000 | 0089 b424 | 5801 0000 | e909 0c00 
  0x000002a85fbd9f04: 0066 6690 | 488b 8424 | 5001 0000 

  0x000002a85fbd9f10: ;   {metadata(method data for {method} {0x000002a87684a678} 'run' '(Ljava/util/Map;Ljava/util/Set;Ljava/util/Map;Lai/onnxruntime/OrtSession$RunOptions;)Lai/onnxruntime/OrtSession$Result;' in 'ai/onnxruntime/OrtSession')}
  0x000002a85fbd9f10: 48be 0040 | f749 a802 | 0000 8b40 | 0849 ba00 | 0000 00a8 | 0200 0049 | 03c2 483b | 8638 0c00 
  0x000002a85fbd9f30: 0075 0d48 | 8386 400c | 0000 01e9 | 6000 0000 | 483b 8648 | 0c00 0075 | 0d48 8386 | 500c 0000 
  0x000002a85fbd9f50: 01e9 4a00 | 0000 4883 | be38 0c00 | 0000 7517 | 4889 8638 | 0c00 0048 | c786 400c | 0000 0100 
  0x000002a85fbd9f70: 0000 e929 | 0000 0048 | 83be 480c | 0000 0075 | 1748 8986 | 480c 0000 | 48c7 8650 | 0c00 0001 
  0x000002a85fbd9f90: 0000 00e9 | 0800 0000 | 4883 8628 | 0c00 0001 | 488b 9424 | 5001 0000 | 0f1f 4400 | 0048 b8ff 
  0x000002a85fbd9fb0: ffff ffff 

  0x000002a85fbd9fb4: ;   {virtual_call}
  0x000002a85fbd9fb4: ffff ffe8 

  0x000002a85fbd9fb8: ; ImmutableOopMap {[216]=Oop [232]=Oop [240]=Oop [248]=Oop [264]=Oop [272]=Oop [312]=Oop [320]=Oop [328]=Oop [336]=Oop }
                      ;*invokeinterface next {reexecute=0 rethrow=0 return_oop=0}
                      ; - ai.onnxruntime.OrtSession::run@387 (line 364)
  0x000002a85fbd9fb8: c44d 1206 

  0x000002a85fbd9fbc: ;   {other}
  0x000002a85fbd9fbc: 0f1f 8400 | ac22 0013 | 4885 c075 

  0x000002a85fbd9fc8: ;   {metadata(method data for {method} {0x000002a87684a678} 'run' '(Ljava/util/Map;Ljava/util/Set;Ljava/util/Map;Lai/onnxruntime/OrtSession$RunOptions;)Lai/onnxruntime/OrtSession$Result;' in 'ai/onnxruntime/OrtSession')}
  0x000002a85fbd9fc8: 1648 bf00 | 40f7 49a8 | 0200 0080 | 8f59 0c00 | 0001 e9e7 

  0x000002a85fbd9fdc: ;   {metadata('java/util/Map$Entry')}
  0x000002a85fbd9fdc: 0000 0048 | bb50 1301 | 00a8 0200 | 008b 7808 | 49ba 0000 | 0000 a802 | 0000 4903 | fa48 3b5f 
  0x000002a85fbd9ffc: 200f 841a | 0000 0048 | 3bfb 0f84 | 1100 0000 

  0x000002a85fbda00c: ;   {runtime_call slow_subtype_check Runtime1 stub}
  0x000002a85fbda00c: 5753 e8ed | 461e 065f | 5f85 ff0f | 848d 0000 

  0x000002a85fbda01c: ;   {metadata(method data for {method} {0x000002a87684a678} 'run' '(Ljava/util/Map;Ljava/util/Set;Ljava/util/Map;Lai/onnxruntime/OrtSession$RunOptions;)Lai/onnxruntime/OrtSession$Result;' in 'ai/onnxruntime/OrtSession')}
  0x000002a85fbda01c: 0048 bf00 | 40f7 49a8 | 0200 008b | 5808 49ba | 0000 0000 | a802 0000 | 4903 da48 | 3b9f 700c 
  0x000002a85fbda03c: 0000 750d | 4883 8778 | 0c00 0001 | e979 0000 | 0048 3b9f | 800c 0000 | 750d 4883 | 8788 0c00 
  0x000002a85fbda05c: 0001 e963 | 0000 0048 | 83bf 700c | 0000 0075 | 1748 899f | 700c 0000 | 48c7 8778 | 0c00 0001 
  0x000002a85fbda07c: 0000 00e9 | 4200 0000 | 4883 bf80 | 0c00 0000 | 7517 4889 | 9f80 0c00 | 0048 c787 | 880c 0000 
  0x000002a85fbda09c: 0100 0000 | e921 0000 | 00e9 1c00 

  0x000002a85fbda0a8: ;   {metadata(method data for {method} {0x000002a87684a678} 'run' '(Ljava/util/Map;Ljava/util/Set;Ljava/util/Map;Lai/onnxruntime/OrtSession$RunOptions;)Lai/onnxruntime/OrtSession$Result;' in 'ai/onnxruntime/OrtSession')}
  0x000002a85fbda0a8: 0000 48bf | 0040 f749 | a802 0000 | 4883 af60 | 0c00 0001 | e900 3700 | 00e9 0000 | 0000 488b 
  0x000002a85fbda0c8: f048 89b4 | 2468 0100 | 0048 8b94 | 24d8 0000 | 008b 7a30 

  0x000002a85fbda0dc: ; implicit exception: dispatches to 0x000002a85fbdd7ca
  0x000002a85fbda0dc: 483b 0648 

  0x000002a85fbda0e0: ;   {metadata(method data for {method} {0x000002a87684a678} 'run' '(Ljava/util/Map;Ljava/util/Set;Ljava/util/Map;Lai/onnxruntime/OrtSession$RunOptions;)Lai/onnxruntime/OrtSession$Result;' in 'ai/onnxruntime/OrtSession')}
  0x000002a85fbda0e0: 8bde 48b8 | 0040 f749 | a802 0000 | 8b5b 0849 | ba00 0000 | 00a8 0200 | 0049 03da | 483b 98a8 
  0x000002a85fbda100: 0c00 0075 | 0d48 8380 | b00c 0000 | 01e9 6000 | 0000 483b | 98b8 0c00 | 0075 0d48 | 8380 c00c 
  0x000002a85fbda120: 0000 01e9 | 4a00 0000 | 4883 b8a8 | 0c00 0000 | 7517 4889 | 98a8 0c00 | 0048 c780 | b00c 0000 
  0x000002a85fbda140: 0100 0000 | e929 0000 | 0048 83b8 | b80c 0000 | 0075 1748 | 8998 b80c | 0000 48c7 | 80c0 0c00 
  0x000002a85fbda160: 0001 0000 | 00e9 0800 | 0000 4883 | 8098 0c00 | 0001 488b | d648 89bc | 2460 0100 | 0048 b8ff 
  0x000002a85fbda180: ffff ffff 

  0x000002a85fbda184: ;   {virtual_call}
  0x000002a85fbda184: ffff ffe8 

  0x000002a85fbda188: ; ImmutableOopMap {[216]=Oop [232]=Oop [240]=Oop [248]=Oop [264]=Oop [272]=Oop [312]=Oop [320]=Oop [328]=Oop [336]=Oop [352]=Oop [360]=Oop }
                      ;*invokeinterface getKey {reexecute=0 rethrow=0 return_oop=0}
                      ; - ai.onnxruntime.OrtSession::run@403 (line 365)
  0x000002a85fbda188: f44b 1206 

  0x000002a85fbda18c: ;   {other}
  0x000002a85fbda18c: 0f1f 8400 | 7c24 0014 | 488b bc24 | 6001 0000 

  0x000002a85fbda19c: ; implicit exception: dispatches to 0x000002a85fbdd7cf
  0x000002a85fbda19c: 483b 074c 

  0x000002a85fbda1a0: ;   {metadata(method data for {method} {0x000002a87684a678} 'run' '(Ljava/util/Map;Ljava/util/Set;Ljava/util/Map;Lai/onnxruntime/OrtSession$RunOptions;)Lai/onnxruntime/OrtSession$Result;' in 'ai/onnxruntime/OrtSession')}
  0x000002a85fbda1a0: 8bc7 48ba | 0040 f749 | a802 0000 | 458b 4008 | 49ba 0000 | 0000 a802 | 0000 4d03 | c24c 3b82 
  0x000002a85fbda1c0: e00c 0000 | 750d 4883 | 82e8 0c00 | 0001 e960 | 0000 004c | 3b82 f00c | 0000 750d | 4883 82f8 
  0x000002a85fbda1e0: 0c00 0001 | e94a 0000 | 0048 83ba | e00c 0000 | 0075 174c | 8982 e00c | 0000 48c7 | 82e8 0c00 
  0x000002a85fbda200: 0001 0000 | 00e9 2900 | 0000 4883 | baf0 0c00 | 0000 7517 | 4c89 82f0 | 0c00 0048 | c782 f80c 
  0x000002a85fbda220: 0000 0100 | 0000 e908 | 0000 0048 | 8382 d00c | 0000 014c | 8bc0 488b | d70f 1f40 | 0048 b8ff 
  0x000002a85fbda240: ffff ffff 

  0x000002a85fbda244: ;   {virtual_call}
  0x000002a85fbda244: ffff ffe8 

  0x000002a85fbda248: ; ImmutableOopMap {[216]=Oop [232]=Oop [240]=Oop [248]=Oop [264]=Oop [272]=Oop [312]=Oop [320]=Oop [328]=Oop [336]=Oop [360]=Oop }
                      ;*invokeinterface contains {reexecute=0 rethrow=0 return_oop=0}
                      ; - ai.onnxruntime.OrtSession::run@408 (line 365)
  0x000002a85fbda248: 344b 1206 

  0x000002a85fbda24c: ;   {other}
  0x000002a85fbda24c: 0f1f 8400 | 3c25 0015 

  0x000002a85fbda254: ;   {metadata(method data for {method} {0x000002a87684a678} 'run' '(Ljava/util/Map;Ljava/util/Set;Ljava/util/Map;Lai/onnxruntime/OrtSession$RunOptions;)Lai/onnxruntime/OrtSession$Result;' in 'ai/onnxruntime/OrtSession')}
  0x000002a85fbda254: 85c0 48ba | 0040 f749 | a802 0000 | 48c7 c608 | 0d00 0074 | 0748 c7c6 | 180d 0000 | 488b 3c32 
  0x000002a85fbda274: 488d 7f01 | 4889 3c32 | 0f84 df1b | 0000 488b | 9424 6801 

  0x000002a85fbda288: ;   {metadata(method data for {method} {0x000002a87684a678} 'run' '(Ljava/util/Map;Ljava/util/Set;Ljava/util/Map;Lai/onnxruntime/OrtSession$RunOptions;)Lai/onnxruntime/OrtSession$Result;' in 'ai/onnxruntime/OrtSession')}
  0x000002a85fbda288: 0000 48b9 | 0040 f749 | a802 0000 | 8b52 0849 | ba00 0000 | 00a8 0200 | 0049 03d2 | 483b 9138 
  0x000002a85fbda2a8: 0d00 0075 | 0d48 8381 | 400d 0000 | 01e9 6000 | 0000 483b | 9148 0d00 | 0075 0d48 | 8381 500d 
  0x000002a85fbda2c8: 0000 01e9 | 4a00 0000 | 4883 b938 | 0d00 0000 | 7517 4889 | 9138 0d00 | 0048 c781 | 400d 0000 
  0x000002a85fbda2e8: 0100 0000 | e929 0000 | 0048 83b9 | 480d 0000 | 0075 1748 | 8991 480d | 0000 48c7 | 8150 0d00 
  0x000002a85fbda308: 0001 0000 | 00e9 0800 | 0000 4883 | 8128 0d00 | 0001 488b | 9424 6801 | 0000 6666 | 9048 b8ff 
  0x000002a85fbda328: ffff ffff 

  0x000002a85fbda32c: ;   {virtual_call}
  0x000002a85fbda32c: ffff ffe8 

  0x000002a85fbda330: ; ImmutableOopMap {[216]=Oop [232]=Oop [240]=Oop [248]=Oop [264]=Oop [272]=Oop [312]=Oop [320]=Oop [328]=Oop [336]=Oop [360]=Oop }
                      ;*invokeinterface getKey {reexecute=0 rethrow=0 return_oop=0}
                      ; - ai.onnxruntime.OrtSession::run@422 (line 366)
  0x000002a85fbda330: 4c4a 1206 

  0x000002a85fbda334: ;   {other}
  0x000002a85fbda334: 0f1f 8400 | 2426 0016 | 4885 c075 

  0x000002a85fbda340: ;   {metadata(method data for {method} {0x000002a87684a678} 'run' '(Ljava/util/Map;Ljava/util/Set;Ljava/util/Map;Lai/onnxruntime/OrtSession$RunOptions;)Lai/onnxruntime/OrtSession$Result;' in 'ai/onnxruntime/OrtSession')}
  0x000002a85fbda340: 1648 bf00 | 40f7 49a8 | 0200 0080 | 8f59 0d00 | 0001 e9cc 

  0x000002a85fbda354: ;   {metadata('java/lang/String')}
  0x000002a85fbda354: 0000 0048 | bb78 e800 | 00a8 0200 | 008b 7008 | 49ba 0000 | 0000 a802 | 0000 4903 | f248 3bde 
  0x000002a85fbda374: 0f85 8d00 

  0x000002a85fbda378: ;   {metadata(method data for {method} {0x000002a87684a678} 'run' '(Ljava/util/Map;Ljava/util/Set;Ljava/util/Map;Lai/onnxruntime/OrtSession$RunOptions;)Lai/onnxruntime/OrtSession$Result;' in 'ai/onnxruntime/OrtSession')}
  0x000002a85fbda378: 0000 48bf | 0040 f749 | a802 0000 | 8b58 0849 | ba00 0000 | 00a8 0200 | 0049 03da | 483b 9f70 
  0x000002a85fbda398: 0d00 0075 | 0d48 8387 | 780d 0000 | 01e9 7900 | 0000 483b | 9f80 0d00 | 0075 0d48 | 8387 880d 
  0x000002a85fbda3b8: 0000 01e9 | 6300 0000 | 4883 bf70 | 0d00 0000 | 7517 4889 | 9f70 0d00 | 0048 c787 | 780d 0000 
  0x000002a85fbda3d8: 0100 0000 | e942 0000 | 0048 83bf | 800d 0000 | 0075 1748 | 899f 800d | 0000 48c7 | 8788 0d00 
  0x000002a85fbda3f8: 0001 0000 | 00e9 2100 | 0000 e91c 

  0x000002a85fbda404: ;   {metadata(method data for {method} {0x000002a87684a678} 'run' '(Ljava/util/Map;Ljava/util/Set;Ljava/util/Map;Lai/onnxruntime/OrtSession$RunOptions;)Lai/onnxruntime/OrtSession$Result;' in 'ai/onnxruntime/OrtSession')}
  0x000002a85fbda404: 0000 0048 | bf00 40f7 | 49a8 0200 | 0048 83af | 600d 0000 | 01e9 b633 | 0000 e900 | 0000 0048 
  0x000002a85fbda424: 8bd0 488b | 8424 3801 | 0000 8bb4 | 2458 0100 | 003b 700c | 0f83 9f33 | 0000 4885 

  0x000002a85fbda440: ;   {metadata(method data for {method} {0x000002a87684a678} 'run' '(Ljava/util/Map;Ljava/util/Set;Ljava/util/Map;Lai/onnxruntime/OrtSession$RunOptions;)Lai/onnxruntime/OrtSession$Result;' in 'ai/onnxruntime/OrtSession')}
  0x000002a85fbda440: d275 1648 | bb00 40f7 | 49a8 0200 | 0080 8b91 | 0d00 0001 | e9f8 0000 | 008b 7808 | 49ba 0000 
  0x000002a85fbda460: 0000 a802 | 0000 4903 | fa8b 5a08 | 49ba 0000 | 0000 a802 | 0000 4903 | da48 8bbf | e000 0000 
  0x000002a85fbda480: 483b df0f | 8427 0000 | 008b 4f14 | 483b 3c0b | 0f84 1a00 | 0000 83f9 | 200f 859b | 0000 0053 
  0x000002a85fbda4a0: ;   {runtime_call slow_subtype_check Runtime1 stub}
  0x000002a85fbda4a0: 57e8 5a42 | 1e06 5b5f | 85ff 0f84 | 8a00 0000 

  0x000002a85fbda4b0: ;   {metadata(method data for {method} {0x000002a87684a678} 'run' '(Ljava/util/Map;Ljava/util/Set;Ljava/util/Map;Lai/onnxruntime/OrtSession$RunOptions;)Lai/onnxruntime/OrtSession$Result;' in 'ai/onnxruntime/OrtSession')}
  0x000002a85fbda4b0: 48bb 0040 | f749 a802 | 0000 8b7a | 0849 ba00 | 0000 00a8 | 0200 0049 | 03fa 483b | bba8 0d00 
  0x000002a85fbda4d0: 0075 0d48 | 8383 b00d | 0000 01e9 | 7100 0000 | 483b bbb8 | 0d00 0075 | 0d48 8383 | c00d 0000 
  0x000002a85fbda4f0: 01e9 5b00 | 0000 4883 | bba8 0d00 | 0000 7517 | 4889 bba8 | 0d00 0048 | c783 b00d | 0000 0100 
  0x000002a85fbda510: 0000 e93a | 0000 0048 | 83bb b80d | 0000 0075 | 1748 89bb | b80d 0000 | 48c7 83c0 | 0d00 0001 
  0x000002a85fbda530: 0000 00e9 | 1900 0000 

  0x000002a85fbda538: ;   {metadata(method data for {method} {0x000002a87684a678} 'run' '(Ljava/util/Map;Ljava/util/Set;Ljava/util/Map;Lai/onnxruntime/OrtSession$RunOptions;)Lai/onnxruntime/OrtSession$Result;' in 'ai/onnxruntime/OrtSession')}
  0x000002a85fbda538: eb17 48bb | 0040 f749 | a802 0000 | 4883 ab98 | 0d00 0001 